info: ::1 - - [31/Jan/2023:05:26:00 +0000] "POST /api/v1/notes HTTP/1.1" 500 56 "-" "PostmanRuntime/7.30.0"

info: ::1 - - [31/Jan/2023:05:27:09 +0000] "POST /api/v1/notes HTTP/1.1" 400 56 "-" "PostmanRuntime/7.30.0"

info: ::1 - - [31/Jan/2023:05:29:22 +0000] "POST /api/v1/user HTTP/1.1" 404 47 "-" "PostmanRuntime/7.30.0"

info: ::1 - - [31/Jan/2023:05:29:41 +0000] "POST /api/v1/users HTTP/1.1" 500 59 "-" "PostmanRuntime/7.30.0"

info: ::1 - - [31/Jan/2023:05:29:48 +0000] "POST /api/v1/users HTTP/1.1" 201 320 "-" "PostmanRuntime/7.30.0"

info: ::1 - - [31/Jan/2023:05:40:59 +0000] "POST /api/v1/users/login HTTP/1.1" 202 317 "-" "PostmanRuntime/7.30.0"

info: ::1 - - [31/Jan/2023:05:42:01 +0000] "POST /api/v1/users/lo HTTP/1.1" 404 47 "-" "PostmanRuntime/7.30.0"

info: ::1 - - [31/Jan/2023:05:42:06 +0000] "POST /api/v1/users/login HTTP/1.1" 202 237 "-" "PostmanRuntime/7.30.0"

info: ::1 - - [31/Jan/2023:05:42:58 +0000] "POST /api/v1/notes HTTP/1.1" 500 56 "-" "PostmanRuntime/7.30.0"

info: ::1 - - [31/Jan/2023:05:44:05 +0000] "POST /api/v1/notes HTTP/1.1" 500 62 "-" "PostmanRuntime/7.30.0"

info: ::1 - - [31/Jan/2023:05:44:11 +0000] "POST /api/v1/notes HTTP/1.1" 200 233 "-" "PostmanRuntime/7.30.0"

info: ::1 - - [31/Jan/2023:05:44:32 +0000] "POST /api/v1/notes HTTP/1.1" 200 313 "-" "PostmanRuntime/7.30.0"

info: ::1 - - [31/Jan/2023:05:44:46 +0000] "POST /api/v1/notes HTTP/1.1" 200 331 "-" "PostmanRuntime/7.30.0"

info: ::1 - - [31/Jan/2023:05:46:05 +0000] "PUT /api/v1/notes/63d8aaab80a3194814465a98 HTTP/1.1" 202 331 "-" "PostmanRuntime/7.30.0"

info: ::1 - - [31/Jan/2023:05:46:23 +0000] "GET /api/v1/notes/ HTTP/1.1" 202 873 "-" "PostmanRuntime/7.30.0"

info: ::1 - - [31/Jan/2023:05:46:42 +0000] "GET /api/v1/notes/63d8aaab80a3194814465a98 HTTP/1.1" 202 334 "-" "PostmanRuntime/7.30.0"

info: ::1 - - [31/Jan/2023:05:47:31 +0000] "PUT /api/v1/notes/63d8aaab80a3194814465a98 HTTP/1.1" 202 331 "-" "PostmanRuntime/7.30.0"

info: ::1 - - [31/Jan/2023:05:47:36 +0000] "PUT /api/v1/notes/63d8aaab80a3194814465a98 HTTP/1.1" 202 340 "-" "PostmanRuntime/7.30.0"

info: ::1 - - [31/Jan/2023:06:32:46 +0000] "GET /api/v1/notes/63d8aaab80a3194814465a98 HTTP/1.1" 202 343 "-" "PostmanRuntime/7.30.0"

info: ::1 - - [31/Jan/2023:06:50:41 +0000] "DELETE /api/v1/notes/63d8aac080a3194814465a9a HTTP/1.1" 500 75 "-" "PostmanRuntime/7.30.0"

info: ::1 - - [31/Jan/2023:06:51:09 +0000] "DELETE /api/v1/notes/63d8aac080a3194814465a9a HTTP/1.1" 500 75 "-" "PostmanRuntime/7.30.0"

info: ::1 - - [31/Jan/2023:06:51:11 +0000] "DELETE /api/v1/notes/63d8aac080a3194814465a9a HTTP/1.1" 500 75 "-" "PostmanRuntime/7.30.0"

info: ::1 - - [31/Jan/2023:06:51:29 +0000] "DELETE /api/v1/notes/63d8aac080a3194814465a9a HTTP/1.1" 500 75 "-" "PostmanRuntime/7.30.0"

info: ::1 - - [31/Jan/2023:06:53:15 +0000] "DELETE /api/v1/notes/63d8aac080a3194814465a9a HTTP/1.1" 200 60 "-" "PostmanRuntime/7.30.0"

info: ::1 - - [31/Jan/2023:11:43:38 +0000] "POST /api/v1/notes/ HTTP/1.1" 200 257 "-" "PostmanRuntime/7.30.0"

info: ::1 - - [31/Jan/2023:11:45:09 +0000] "POST /api/v1/notes/63d8feead243b607a8d52cbb HTTP/1.1" 404 47 "-" "PostmanRuntime/7.30.0"

info: ::1 - - [31/Jan/2023:11:45:28 +0000] "PUT /api/v1/notes/63d8feead243b607a8d52cbb HTTP/1.1" 202 281 "-" "PostmanRuntime/7.30.0"

info: ::1 - - [31/Jan/2023:11:50:04 +0000] "DELETE /api/v1/notes/63d8feead243b607a8d52cbb HTTP/1.1" 200 60 "-" "PostmanRuntime/7.30.0"

info: ::1 - - [31/Jan/2023:11:50:14 +0000] "PUT /api/v1/notes/ HTTP/1.1" 404 47 "-" "PostmanRuntime/7.30.0"

info: ::1 - - [31/Jan/2023:11:50:18 +0000] "POST /api/v1/notes/ HTTP/1.1" 200 281 "-" "PostmanRuntime/7.30.0"

info: ::1 - - [31/Jan/2023:11:50:42 +0000] "GET /api/v1/notes/ HTTP/1.1" 202 817 "-" "PostmanRuntime/7.30.0"

info: ::1 - - [31/Jan/2023:17:13:22 +0000] "GET /api/v1/notes/ HTTP/1.1" 202 817 "-" "PostmanRuntime/7.30.0"

info: ::1 - - [31/Jan/2023:17:13:42 +0000] "DELETE /api/v1/notes/63d9007ac512103e3c995d1c HTTP/1.1" 200 60 "-" "PostmanRuntime/7.30.0"

info: ::1 - - [31/Jan/2023:17:13:44 +0000] "DELETE /api/v1/notes/63d9007ac512103e3c995d1c HTTP/1.1" 200 60 "-" "PostmanRuntime/7.30.0"

info: ::1 - - [31/Jan/2023:17:13:44 +0000] "DELETE /api/v1/notes/63d9007ac512103e3c995d1c HTTP/1.1" 200 60 "-" "PostmanRuntime/7.30.0"

info: ::1 - - [31/Jan/2023:18:26:26 +0000] "GET /api/v1/notes/ HTTP/1.1" 202 37 "-" "PostmanRuntime/7.30.0"

info: ::1 - - [31/Jan/2023:18:27:39 +0000] "GET /api/v1/notes/63d8aaab80a3194814465a98 HTTP/1.1" 202 347 "-" "PostmanRuntime/7.30.0"

