info: ::1 - - [26/Jan/2023:19:43:07 +0000] "POST /api/v1/users HTTP/1.1" 201 276 "-" "PostmanRuntime/7.30.0"

info: ::1 - - [26/Jan/2023:19:44:22 +0000] "POST /api/v1/users HTTP/1.1" 201 271 "-" "PostmanRuntime/7.30.0"

info: ::1 - - [26/Jan/2023:19:44:30 +0000] "GET /api/v1/users HTTP/1.1" 200 63316 "-" "PostmanRuntime/7.30.0"

info: ::1 - - [26/Jan/2023:19:48:44 +0000] "GET /api/v1/users HTTP/1.1" 200 65 "-" "PostmanRuntime/7.30.0"

info: ::1 - - [26/Jan/2023:19:49:01 +0000] "POST /api/v1/users HTTP/1.1" 201 275 "-" "PostmanRuntime/7.30.0"

info: ::1 - - [26/Jan/2023:19:49:12 +0000] "POST /api/v1/users HTTP/1.1" 500 90 "-" "PostmanRuntime/7.30.0"

info: ::1 - - [26/Jan/2023:19:49:19 +0000] "POST /api/v1/users HTTP/1.1" 500 61 "-" "PostmanRuntime/7.30.0"

info: ::1 - - [26/Jan/2023:19:49:46 +0000] "POST /api/v1/users HTTP/1.1" 201 269 "-" "PostmanRuntime/7.30.0"

info: ::1 - - [26/Jan/2023:20:16:33 +0000] "POST /api/v1/login/log HTTP/1.1" 200 39 "-" "PostmanRuntime/7.30.0"

info: ::1 - - [26/Jan/2023:20:27:04 +0000] "POST /api/v1/login/log HTTP/1.1" 200 39 "-" "PostmanRuntime/7.30.0"

info: ::1 - - [26/Jan/2023:20:28:15 +0000] "POST /api/v1/login/log HTTP/1.1" 200 16 "-" "PostmanRuntime/7.30.0"

info: ::1 - - [26/Jan/2023:20:31:15 +0000] "POST /api/v1/login/log HTTP/1.1" 500 5 "-" "PostmanRuntime/7.30.0"

info: ::1 - - [26/Jan/2023:20:31:34 +0000] "POST /api/v1/login/log HTTP/1.1" 200 16 "-" "PostmanRuntime/7.30.0"

info: ::1 - - [26/Jan/2023:20:32:22 +0000] "POST /api/v1/login/log HTTP/1.1" 200 16 "-" "PostmanRuntime/7.30.0"

info: ::1 - - [26/Jan/2023:20:33:44 +0000] "POST /api/v1/login/log HTTP/1.1" 200 249 "-" "PostmanRuntime/7.30.0"

info: ::1 - - [26/Jan/2023:20:38:00 +0000] "POST /api/v1/login/log HTTP/1.1" 500 5 "-" "PostmanRuntime/7.30.0"

info: ::1 - - [26/Jan/2023:20:39:00 +0000] "POST /api/v1/login/log HTTP/1.1" 200 409 "-" "PostmanRuntime/7.30.0"

info: ::1 - - [26/Jan/2023:20:44:14 +0000] "POST /api/v1/users HTTP/1.1" 404 47 "-" "PostmanRuntime/7.30.0"

info: ::1 - - [26/Jan/2023:20:44:37 +0000] "POST /api/v1/users/register HTTP/1.1" 500 60 "-" "PostmanRuntime/7.30.0"

info: ::1 - - [26/Jan/2023:20:44:54 +0000] "POST /api/v1/users/register HTTP/1.1" 500 61 "-" "PostmanRuntime/7.30.0"

info: ::1 - - [26/Jan/2023:20:46:37 +0000] "POST /api/v1/users/register HTTP/1.1" 500 56 "-" "PostmanRuntime/7.30.0"

info: ::1 - - [26/Jan/2023:20:47:16 +0000] "POST /api/v1/users/register HTTP/1.1" 201 319 "-" "PostmanRuntime/7.30.0"

info: ::1 - - [26/Jan/2023:20:48:08 +0000] "POST /api/v1/login/log HTTP/1.1" 200 459 "-" "PostmanRuntime/7.30.0"

info: ::1 - - [26/Jan/2023:20:49:05 +0000] "POST /api/v1/login/log HTTP/1.1" 200 459 "-" "PostmanRuntime/7.30.0"

info: ::1 - - [26/Jan/2023:20:49:15 +0000] "POST /api/v1/login/log HTTP/1.1" 422 25 "-" "PostmanRuntime/7.30.0"

info: ::1 - - [26/Jan/2023:20:49:49 +0000] "POST /api/v1/login/log HTTP/1.1" 422 25 "-" "PostmanRuntime/7.30.0"

info: ::1 - - [26/Jan/2023:20:59:20 +0000] "POST /api/v1/users/register HTTP/1.1" 201 320 "-" "PostmanRuntime/7.30.0"

info: ::1 - - [26/Jan/2023:20:59:46 +0000] "POST /api/v1/users/register HTTP/1.1" 201 323 "-" "PostmanRuntime/7.30.0"

info: ::1 - - [26/Jan/2023:21:00:57 +0000] "POST /api/v1/login/log HTTP/1.1" 200 303 "-" "PostmanRuntime/7.30.0"

info: ::1 - - [26/Jan/2023:21:00:59 +0000] "POST /api/v1/login/log HTTP/1.1" 200 303 "-" "PostmanRuntime/7.30.0"

info: ::1 - - [26/Jan/2023:21:01:16 +0000] "POST /api/v1/login/log HTTP/1.1" 422 13 "-" "PostmanRuntime/7.30.0"

info: ::1 - - [26/Jan/2023:21:01:30 +0000] "POST /api/v1/login/log HTTP/1.1" 200 303 "-" "PostmanRuntime/7.30.0"

info: ::1 - - [26/Jan/2023:21:10:21 +0000] "POST /api/v1/login/log HTTP/1.1" 404 47 "-" "PostmanRuntime/7.30.0"

info: ::1 - - [26/Jan/2023:21:10:25 +0000] "POST /api/v1/login/ HTTP/1.1" 404 47 "-" "PostmanRuntime/7.30.0"

info: ::1 - - [26/Jan/2023:21:10:33 +0000] "POST /api/v1//users/login/ HTTP/1.1" 500 61 "-" "PostmanRuntime/7.30.0"

info: ::1 - - [26/Jan/2023:21:11:26 +0000] "POST /api/v1//users/login/ HTTP/1.1" 500 89 "-" "PostmanRuntime/7.30.0"

info: ::1 - - [26/Jan/2023:21:13:33 +0000] "POST /api/v1//users/login/ HTTP/1.1" 200 303 "-" "PostmanRuntime/7.30.0"

info: ::1 - - [26/Jan/2023:21:14:03 +0000] "POST /api/v1//users/login/ HTTP/1.1" 500 61 "-" "PostmanRuntime/7.30.0"

info: ::1 - - [26/Jan/2023:21:14:23 +0000] "POST /api/v1//users/login/ HTTP/1.1" 200 303 "-" "PostmanRuntime/7.30.0"

info: ::1 - - [26/Jan/2023:21:29:56 +0000] "POST /api/v1//users/login/ HTTP/1.1" 200 303 "-" "PostmanRuntime/7.30.0"

info: ::1 - - [26/Jan/2023:21:29:59 +0000] "POST /api/v1//users/login/ HTTP/1.1" 422 16 "-" "PostmanRuntime/7.30.0"

info: ::1 - - [26/Jan/2023:21:31:05 +0000] "POST /api/v1//users/register/ HTTP/1.1" 500 61 "-" "PostmanRuntime/7.30.0"

info: ::1 - - [26/Jan/2023:21:32:05 +0000] "POST /api/v1//users/register/ HTTP/1.1" 201 328 "-" "PostmanRuntime/7.30.0"

info: ::1 - - [26/Jan/2023:21:35:18 +0000] "POST /api/v1//users/register/ HTTP/1.1" 500 61 "-" "PostmanRuntime/7.30.0"

info: ::1 - - [26/Jan/2023:21:36:15 +0000] "POST /api/v1//users/register/ HTTP/1.1" 500 61 "-" "PostmanRuntime/7.30.0"

info: ::1 - - [26/Jan/2023:21:38:12 +0000] "POST /api/v1//users/register/ HTTP/1.1" 500 61 "-" "PostmanRuntime/7.30.0"

info: ::1 - - [26/Jan/2023:21:38:15 +0000] "POST /api/v1//users/register/ HTTP/1.1" 500 61 "-" "PostmanRuntime/7.30.0"

info: ::1 - - [26/Jan/2023:21:45:32 +0000] "POST /api/v1//users/register/ HTTP/1.1" 500 61 "-" "PostmanRuntime/7.30.0"

info: ::1 - - [26/Jan/2023:21:45:34 +0000] "POST /api/v1//users/register/ HTTP/1.1" 500 61 "-" "PostmanRuntime/7.30.0"

info: ::1 - - [26/Jan/2023:21:47:03 +0000] "POST /api/v1//users/register/ HTTP/1.1" 422 13 "-" "PostmanRuntime/7.30.0"

info: ::1 - - [26/Jan/2023:21:47:20 +0000] "POST /api/v1//users/register/ HTTP/1.1" 201 335 "-" "PostmanRuntime/7.30.0"

info: ::1 - - [26/Jan/2023:21:47:22 +0000] "POST /api/v1//users/register/ HTTP/1.1" 422 13 "-" "PostmanRuntime/7.30.0"

info: ::1 - - [26/Jan/2023:21:49:14 +0000] "POST /api/v1//users/register/ HTTP/1.1" 422 22 "-" "PostmanRuntime/7.30.0"

info: ::1 - - [27/Jan/2023:12:10:51 +0000] "POST /api/v1//users/login HTTP/1.1" 500 53 "-" "PostmanRuntime/7.30.0"

info: ::1 - - [27/Jan/2023:12:12:12 +0000] "POST /api/v1//users/login HTTP/1.1" 500 53 "-" "PostmanRuntime/7.30.0"

info: ::1 - - [27/Jan/2023:12:12:14 +0000] "POST /api/v1//users/login HTTP/1.1" 500 53 "-" "PostmanRuntime/7.30.0"

info: ::1 - - [27/Jan/2023:12:12:33 +0000] "POST /api/v1//users/login HTTP/1.1" 500 53 "-" "PostmanRuntime/7.30.0"

info: ::1 - - [27/Jan/2023:12:12:34 +0000] "POST /api/v1//users/login HTTP/1.1" 500 53 "-" "PostmanRuntime/7.30.0"

info: ::1 - - [27/Jan/2023:12:14:12 +0000] "POST /api/v1//users/login HTTP/1.1" 500 68 "-" "PostmanRuntime/7.30.0"

info: ::1 - - [27/Jan/2023:12:15:06 +0000] "POST /api/v1//users/login HTTP/1.1" 500 68 "-" "PostmanRuntime/7.30.0"

info: ::1 - - [27/Jan/2023:12:15:07 +0000] "POST /api/v1//users/login HTTP/1.1" 500 68 "-" "PostmanRuntime/7.30.0"

info: ::1 - - [27/Jan/2023:12:15:24 +0000] "POST /api/v1//users/login HTTP/1.1" 500 68 "-" "PostmanRuntime/7.30.0"

info: ::1 - - [27/Jan/2023:12:15:26 +0000] "POST /api/v1//users/login HTTP/1.1" 500 68 "-" "PostmanRuntime/7.30.0"

info: ::1 - - [27/Jan/2023:12:16:49 +0000] "POST /api/v1//users/login HTTP/1.1" 202 332 "-" "PostmanRuntime/7.30.0"

info: ::1 - - [27/Jan/2023:12:17:21 +0000] "POST /api/v1//users/login HTTP/1.1" 202 332 "-" "PostmanRuntime/7.30.0"

info: ::1 - - [27/Jan/2023:12:39:11 +0000] "POST /api/v1//users/login HTTP/1.1" 202 332 "-" "PostmanRuntime/7.30.0"

info: ::1 - - [27/Jan/2023:12:40:06 +0000] "POST /api/v1//users/ HTTP/1.1" 422 22 "-" "PostmanRuntime/7.30.0"

info: ::1 - - [27/Jan/2023:12:40:17 +0000] "POST /api/v1//users/ HTTP/1.1" 201 328 "-" "PostmanRuntime/7.30.0"

