info: ::1 - - [31/Jan/2023:18:30:02 +0000] "GET /api/v1/notes HTTP/1.1" 202 37 "-" "PostmanRuntime/7.30.0"

info: ::1 - - [31/Jan/2023:18:30:19 +0000] "GET /api/v1/notes HTTP/1.1" 404 47 "-" "PostmanRuntime/7.30.0"

info: ::1 - - [31/Jan/2023:18:30:44 +0000] "GET /api/v1/notes HTTP/1.1" 202 37 "-" "PostmanRuntime/7.30.0"

info: ::1 - - [31/Jan/2023:18:33:16 +0000] "GET /api/v1/notes HTTP/1.1" 202 37 "-" "PostmanRuntime/7.30.0"

info: ::1 - - [31/Jan/2023:18:35:13 +0000] "GET /api/v1/notes HTTP/1.1" 202 37 "-" "PostmanRuntime/7.30.0"

info: ::1 - - [31/Jan/2023:18:35:44 +0000] "GET /api/v1/notes HTTP/1.1" 202 37 "-" "PostmanRuntime/7.30.0"

info: ::1 - - [31/Jan/2023:18:36:11 +0000] "GET /api/v1/notes HTTP/1.1" 202 37 "-" "PostmanRuntime/7.30.0"

info: ::1 - - [31/Jan/2023:18:40:27 +0000] "GET /api/v1/notes HTTP/1.1" 202 37 "-" "PostmanRuntime/7.30.0"

info: ::1 - - [31/Jan/2023:18:40:33 +0000] "GET /api/v1/notes HTTP/1.1" 202 37 "-" "PostmanRuntime/7.30.0"

info: ::1 - - [31/Jan/2023:18:40:39 +0000] "GET /api/v1/notes HTTP/1.1" 202 37 "-" "PostmanRuntime/7.30.0"

info: ::1 - - [31/Jan/2023:18:41:24 +0000] "GET /api/v1/notes HTTP/1.1" 202 653 "-" "PostmanRuntime/7.30.0"

info: ::1 - - [31/Jan/2023:18:42:16 +0000] "POST /api/v1/users HTTP/1.1" 500 60 "-" "PostmanRuntime/7.30.0"

info: ::1 - - [31/Jan/2023:18:44:14 +0000] "GET /api/v1/users/login HTTP/1.1" 404 47 "-" "PostmanRuntime/7.30.0"

info: ::1 - - [31/Jan/2023:18:44:27 +0000] "POST /api/v1/users/login HTTP/1.1" 500 58 "-" "PostmanRuntime/7.30.0"

info: ::1 - - [31/Jan/2023:18:44:34 +0000] "POST /api/v1/users/login HTTP/1.1" 202 248 "-" "PostmanRuntime/7.30.0"

info: ::1 - - [31/Jan/2023:18:45:47 +0000] "GET /api/v1/notes HTTP/1.1" 202 653 "-" "PostmanRuntime/7.30.0"

info: ::1 - - [31/Jan/2023:18:47:32 +0000] "GET /api/v1/notes HTTP/1.1" 202 37 "-" "PostmanRuntime/7.30.0"

info: ::1 - - [31/Jan/2023:18:48:09 +0000] "GET /api/v1/notes HTTP/1.1" 202 37 "-" "PostmanRuntime/7.30.0"

info: ::1 - - [31/Jan/2023:18:48:59 +0000] "GET /api/v1/notes HTTP/1.1" 202 689 "-" "PostmanRuntime/7.30.0"

info: ::1 - - [31/Jan/2023:18:50:22 +0000] "GET /api/v1/notes HTTP/1.1" 202 37 "-" "PostmanRuntime/7.30.0"

info: ::1 - - [31/Jan/2023:18:51:04 +0000] "GET /api/v1/notes HTTP/1.1" 202 37 "-" "PostmanRuntime/7.30.0"

info: ::1 - - [31/Jan/2023:18:51:49 +0000] "GET /api/v1/notes HTTP/1.1" 202 37 "-" "PostmanRuntime/7.30.0"

info: ::1 - - [31/Jan/2023:18:55:38 +0000] "GET /api/v1/notes HTTP/1.1" 202 382 "-" "PostmanRuntime/7.30.0"

info: ::1 - - [31/Jan/2023:19:00:41 +0000] "GET /api/v1/notes HTTP/1.1" 202 382 "-" "PostmanRuntime/7.30.0"

info: ::1 - - [31/Jan/2023:19:00:48 +0000] "GET /api/v1/notes HTTP/1.1" 202 382 "-" "PostmanRuntime/7.30.0"

info: ::1 - - [31/Jan/2023:19:01:16 +0000] "POST /api/v1/users/ HTTP/1.1" 500 60 "-" "PostmanRuntime/7.30.0"

info: ::1 - - [31/Jan/2023:19:01:59 +0000] "POST /api/v1/users/ HTTP/1.1" 201 319 "-" "PostmanRuntime/7.30.0"

info: ::1 - - [31/Jan/2023:19:03:16 +0000] "POST /api/v1/users/login HTTP/1.1" 202 241 "-" "PostmanRuntime/7.30.0"

info: ::1 - - [31/Jan/2023:19:04:21 +0000] "POST /api/v1/notes/ HTTP/1.1" 200 325 "-" "PostmanRuntime/7.30.0"

info: ::1 - - [31/Jan/2023:19:04:38 +0000] "POST /api/v1/notes/ HTTP/1.1" 200 349 "-" "PostmanRuntime/7.30.0"

info: ::1 - - [31/Jan/2023:19:04:44 +0000] "GET /api/v1/notes/ HTTP/1.1" 202 596 "-" "PostmanRuntime/7.30.0"

info: ::1 - - [31/Jan/2023:19:09:55 +0000] "GET /api/v1/notes HTTP/1.1" 500 58 "-" "PostmanRuntime/7.30.0"

info: ::1 - - [31/Jan/2023:19:10:55 +0000] "GET /api/v1/notes HTTP/1.1" 500 109 "-" "PostmanRuntime/7.30.0"

info: ::1 - - [31/Jan/2023:19:11:52 +0000] "GET /api/v1/notes HTTP/1.1" 500 109 "-" "PostmanRuntime/7.30.0"

info: ::1 - - [31/Jan/2023:19:13:57 +0000] "GET /api/v1/notes HTTP/1.1" 202 596 "-" "PostmanRuntime/7.30.0"

info: ::1 - - [31/Jan/2023:19:14:26 +0000] "GET /api/v1/users/login HTTP/1.1" 404 47 "-" "PostmanRuntime/7.30.0"

info: ::1 - - [31/Jan/2023:19:14:58 +0000] "POST /api/v1/users/login HTTP/1.1" 202 248 "-" "PostmanRuntime/7.30.0"

info: ::1 - - [31/Jan/2023:19:15:35 +0000] "GET /api/v1/notes HTTP/1.1" 202 37 "-" "PostmanRuntime/7.30.0"

info: ::1 - - [31/Jan/2023:19:16:14 +0000] "GET /api/v1/notes HTTP/1.1" 202 37 "-" "PostmanRuntime/7.30.0"

info: ::1 - - [31/Jan/2023:19:16:16 +0000] "GET /api/v1/notes HTTP/1.1" 202 37 "-" "PostmanRuntime/7.30.0"

info: ::1 - - [31/Jan/2023:19:17:21 +0000] "GET /api/v1/notes HTTP/1.1" 202 37 "-" "PostmanRuntime/7.30.0"

info: ::1 - - [31/Jan/2023:19:17:42 +0000] "GET /api/v1/notes HTTP/1.1" 202 596 "-" "PostmanRuntime/7.30.0"

info: ::1 - - [31/Jan/2023:19:18:24 +0000] "GET /api/v1/users/login HTTP/1.1" 404 47 "-" "PostmanRuntime/7.30.0"

info: ::1 - - [31/Jan/2023:19:18:28 +0000] "POST /api/v1/users/login HTTP/1.1" 202 248 "-" "PostmanRuntime/7.30.0"

info: ::1 - - [31/Jan/2023:19:18:57 +0000] "GET /api/v1/notes HTTP/1.1" 202 37 "-" "PostmanRuntime/7.30.0"

info: ::1 - - [31/Jan/2023:19:19:41 +0000] "POST /api/v1/notes HTTP/1.1" 200 331 "-" "PostmanRuntime/7.30.0"

info: ::1 - - [31/Jan/2023:19:19:57 +0000] "POST /api/v1/notes HTTP/1.1" 200 366 "-" "PostmanRuntime/7.30.0"

info: ::1 - - [31/Jan/2023:19:20:01 +0000] "GET /api/v1/notes HTTP/1.1" 202 619 "-" "PostmanRuntime/7.30.0"

info: ::1 - - [31/Jan/2023:19:20:16 +0000] "GET /api/v1/notes HTTP/1.1" 202 596 "-" "PostmanRuntime/7.30.0"

info: ::1 - - [31/Jan/2023:19:33:10 +0000] "POST /api/v1/notes HTTP/1.1" 200 379 "-" "PostmanRuntime/7.30.0"

info: ::1 - - [31/Jan/2023:19:41:34 +0000] "GET /api/v1/notes HTTP/1.1" 202 918 "-" "PostmanRuntime/7.30.0"

info: ::1 - - [31/Jan/2023:19:45:12 +0000] "POST /api/v1/notes/63d96cf62f56ca3a4cc15efa HTTP/1.1" 202 356 "-" "PostmanRuntime/7.30.0"

info: ::1 - - [31/Jan/2023:19:46:16 +0000] "GET /api/v1/notes/ HTTP/1.1" 202 596 "-" "PostmanRuntime/7.30.0"

info: ::1 - - [31/Jan/2023:19:47:52 +0000] "GET /api/v1/notes/63d96cf62f56ca3a4cc15efa HTTP/1.1" 202 355 "-" "PostmanRuntime/7.30.0"

info: ::1 - - [31/Jan/2023:19:48:26 +0000] "POST /api/v1/notes/63d96cf62f56ca3a4cc15efa HTTP/1.1" 202 355 "-" "PostmanRuntime/7.30.0"

info: ::1 - - [31/Jan/2023:19:48:54 +0000] "GET /api/v1/notes/ HTTP/1.1" 202 918 "-" "PostmanRuntime/7.30.0"

info: ::1 - - [31/Jan/2023:19:49:24 +0000] "POST /api/v1/notes/63d96cf62f56ca3a4cc15efa HTTP/1.1" 202 356 "-" "PostmanRuntime/7.30.0"

info: ::1 - - [31/Jan/2023:19:50:54 +0000] "GET /api/v1/notes/63d96cf62f56ca3a4cc15efa HTTP/1.1" 202 355 "-" "PostmanRuntime/7.30.0"

info: ::1 - - [31/Jan/2023:19:51:00 +0000] "GET /api/v1/notes/ HTTP/1.1" 202 596 "-" "PostmanRuntime/7.30.0"

info: ::1 - - [31/Jan/2023:19:52:04 +0000] "POST /api/v1/notes/63d96cf62f56ca3a4cc15efa HTTP/1.1" 202 355 "-" "PostmanRuntime/7.30.0"

info: ::1 - - [31/Jan/2023:19:52:22 +0000] "GET /api/v1/notes/ HTTP/1.1" 202 918 "-" "PostmanRuntime/7.30.0"

info: ::1 - - [31/Jan/2023:19:55:03 +0000] "PUT /api/v1/notes/trash/63d96cf62f56ca3a4cc15efa HTTP/1.1" 202 356 "-" "PostmanRuntime/7.30.0"

info: ::1 - - [31/Jan/2023:19:58:26 +0000] "PUT /api/v1/notes/trash/recover/63d96cf62f56ca3a4cc15efa HTTP/1.1" 202 355 "-" "PostmanRuntime/7.30.0"

info: ::1 - - [31/Jan/2023:19:58:43 +0000] "GET /api/v1/notes/trash/ HTTP/1.1" 500 210 "-" "PostmanRuntime/7.30.0"

info: ::1 - - [31/Jan/2023:19:58:58 +0000] "GET /api/v1/notes/ HTTP/1.1" 202 918 "-" "PostmanRuntime/7.30.0"

info: ::1 - - [31/Jan/2023:19:59:09 +0000] "GET /api/v1/notes/trash/63d96cf62f56ca3a4cc15efa HTTP/1.1" 404 47 "-" "PostmanRuntime/7.30.0"

info: ::1 - - [31/Jan/2023:19:59:14 +0000] "PUT /api/v1/notes/trash/63d96cf62f56ca3a4cc15efa HTTP/1.1" 202 356 "-" "PostmanRuntime/7.30.0"

info: ::1 - - [31/Jan/2023:19:59:21 +0000] "PUT /api/v1/notes/trash/recover/63d96cf62f56ca3a4cc15efa HTTP/1.1" 202 355 "-" "PostmanRuntime/7.30.0"

info: ::1 - - [31/Jan/2023:19:59:29 +0000] "PUT /api/v1/notes/trash/63d96cf62f56ca3a4cc15efa HTTP/1.1" 202 356 "-" "PostmanRuntime/7.30.0"

info: ::1 - - [31/Jan/2023:19:59:36 +0000] "GET /api/v1/notes/ HTTP/1.1" 202 596 "-" "PostmanRuntime/7.30.0"

info: ::1 - - [31/Jan/2023:19:59:47 +0000] "GET /api/v1/notes/trash/recover/63d96cf62f56ca3a4cc15efa HTTP/1.1" 404 47 "-" "PostmanRuntime/7.30.0"

info: ::1 - - [31/Jan/2023:19:59:52 +0000] "PUT /api/v1/notes/trash/recover/63d96cf62f56ca3a4cc15efa HTTP/1.1" 202 355 "-" "PostmanRuntime/7.30.0"

info: ::1 - - [31/Jan/2023:20:00:00 +0000] "GET /api/v1/notes/ HTTP/1.1" 202 918 "-" "PostmanRuntime/7.30.0"

