info: ::1 - - [26/Jan/2023:19:43:07 +0000] "POST /api/v1/users HTTP/1.1" 201 276 "-" "PostmanRuntime/7.30.0"

info: ::1 - - [26/Jan/2023:19:44:22 +0000] "POST /api/v1/users HTTP/1.1" 201 271 "-" "PostmanRuntime/7.30.0"

info: ::1 - - [26/Jan/2023:19:44:30 +0000] "GET /api/v1/users HTTP/1.1" 200 63316 "-" "PostmanRuntime/7.30.0"

info: ::1 - - [26/Jan/2023:19:48:44 +0000] "GET /api/v1/users HTTP/1.1" 200 65 "-" "PostmanRuntime/7.30.0"

info: ::1 - - [26/Jan/2023:19:49:01 +0000] "POST /api/v1/users HTTP/1.1" 201 275 "-" "PostmanRuntime/7.30.0"

info: ::1 - - [26/Jan/2023:19:49:12 +0000] "POST /api/v1/users HTTP/1.1" 500 90 "-" "PostmanRuntime/7.30.0"

info: ::1 - - [26/Jan/2023:19:49:19 +0000] "POST /api/v1/users HTTP/1.1" 500 61 "-" "PostmanRuntime/7.30.0"

info: ::1 - - [26/Jan/2023:19:49:46 +0000] "POST /api/v1/users HTTP/1.1" 201 269 "-" "PostmanRuntime/7.30.0"

error: uncaughtException: listen EADDRINUSE: address already in use :::3000
Error: listen EADDRINUSE: address already in use :::3000
    at Server.setupListenHandle [as _listen2] (node:net:1485:16)
    at listenInCluster (node:net:1533:12)
    at Server.listen (node:net:1621:7)
    at Function.listen (D:\Java Script\FundoNotes\node_modules\express\lib\application.js:635:24)
    at Object.<anonymous> (D:\Java Script\FundoNotes\src\/index.js:37:5)
    at Module._compile (node:internal/modules/cjs/loader:1159:14)
    at Module._compile (D:\Java Script\FundoNotes\node_modules\pirates\lib\index.js:136:24)
    at Module._extensions..js (node:internal/modules/cjs/loader:1213:10)
    at Object.newLoader [as .js] (D:\Java Script\FundoNotes\node_modules\pirates\lib\index.js:141:7)
    at Module.load (node:internal/modules/cjs/loader:1037:32)
    at Function.Module._load (node:internal/modules/cjs/loader:878:12)
    at Function.runMain (node:internal/modules/run_main:81:12)
    at Object.<anonymous> (D:\Java Script\FundoNotes\node_modules\@babel\node\src\_babel-node.ts:223:12)
    at Module._compile (node:internal/modules/cjs/loader:1159:14)
    at Object.Module._extensions..js (node:internal/modules/cjs/loader:1213:10)
    at Module.load (node:internal/modules/cjs/loader:1037:32) {"date":"Fri Jan 27 2023 01:44:00 GMT+0530 (India Standard Time)","error":{"address":"::","code":"EADDRINUSE","errno":-4091,"port":3000,"syscall":"listen"},"exception":true,"os":{"loadavg":[0,0,0],"uptime":353920},"process":{"argv":["node","D:\\Java Script\\FundoNotes\\src\\index.js"],"cwd":"D:\\Java Script\\FundoNotes","execPath":"C:\\Program Files\\nodejs\\node.exe","gid":null,"memoryUsage":{"arrayBuffers":19259221,"external":20779625,"heapTotal":86462464,"heapUsed":68027056,"rss":127508480},"pid":19428,"uid":null,"version":"v18.12.1"},"stack":"Error: listen EADDRINUSE: address already in use :::3000\n    at Server.setupListenHandle [as _listen2] (node:net:1485:16)\n    at listenInCluster (node:net:1533:12)\n    at Server.listen (node:net:1621:7)\n    at Function.listen (D:\\Java Script\\FundoNotes\\node_modules\\express\\lib\\application.js:635:24)\n    at Object.<anonymous> (D:\\Java Script\\FundoNotes\\src\\/index.js:37:5)\n    at Module._compile (node:internal/modules/cjs/loader:1159:14)\n    at Module._compile (D:\\Java Script\\FundoNotes\\node_modules\\pirates\\lib\\index.js:136:24)\n    at Module._extensions..js (node:internal/modules/cjs/loader:1213:10)\n    at Object.newLoader [as .js] (D:\\Java Script\\FundoNotes\\node_modules\\pirates\\lib\\index.js:141:7)\n    at Module.load (node:internal/modules/cjs/loader:1037:32)\n    at Function.Module._load (node:internal/modules/cjs/loader:878:12)\n    at Function.runMain (node:internal/modules/run_main:81:12)\n    at Object.<anonymous> (D:\\Java Script\\FundoNotes\\node_modules\\@babel\\node\\src\\_babel-node.ts:223:12)\n    at Module._compile (node:internal/modules/cjs/loader:1159:14)\n    at Object.Module._extensions..js (node:internal/modules/cjs/loader:1213:10)\n    at Module.load (node:internal/modules/cjs/loader:1037:32)","trace":[{"column":16,"file":"node:net","function":"Server.setupListenHandle [as _listen2]","line":1485,"method":"setupListenHandle [as _listen2]","native":false},{"column":12,"file":"node:net","function":"listenInCluster","line":1533,"method":null,"native":false},{"column":7,"file":"node:net","function":"Server.listen","line":1621,"method":"listen","native":false},{"column":24,"file":"D:\\Java Script\\FundoNotes\\node_modules\\express\\lib\\application.js","function":"Function.listen","line":635,"method":"listen","native":false},{"column":5,"file":"D:\\Java Script\\FundoNotes\\src\\/index.js","function":null,"line":37,"method":null,"native":false},{"column":14,"file":"node:internal/modules/cjs/loader","function":"Module._compile","line":1159,"method":"_compile","native":false},{"column":24,"file":"D:\\Java Script\\FundoNotes\\node_modules\\pirates\\lib\\index.js","function":"Module._compile","line":136,"method":"_compile","native":false},{"column":10,"file":"node:internal/modules/cjs/loader","function":"Module._extensions..js","line":1213,"method":".js","native":false},{"column":7,"file":"D:\\Java Script\\FundoNotes\\node_modules\\pirates\\lib\\index.js","function":"Object.newLoader [as .js]","line":141,"method":"js]","native":false},{"column":32,"file":"node:internal/modules/cjs/loader","function":"Module.load","line":1037,"method":"load","native":false},{"column":12,"file":"node:internal/modules/cjs/loader","function":"Module._load","line":878,"method":"_load","native":false},{"column":12,"file":"node:internal/modules/run_main","function":"Function.runMain","line":81,"method":"runMain","native":false},{"column":12,"file":"D:\\Java Script\\FundoNotes\\node_modules\\@babel\\node\\src\\_babel-node.ts","function":null,"line":223,"method":null,"native":false},{"column":14,"file":"node:internal/modules/cjs/loader","function":"Module._compile","line":1159,"method":"_compile","native":false},{"column":10,"file":"node:internal/modules/cjs/loader","function":"Module._extensions..js","line":1213,"method":".js","native":false},{"column":32,"file":"node:internal/modules/cjs/loader","function":"Module.load","line":1037,"method":"load","native":false}]}
error: uncaughtException: Joi is not defined
ReferenceError: Joi is not defined
    at validateUser (D:\Java Script\FundoNotes\src\controllers\/user.controller.js:116:18)
    at _callee6$ (D:\Java Script\FundoNotes\src\controllers\/user.controller.js:99:21)
    at tryCatch (D:\Java Script\FundoNotes\node_modules\@babel\runtime\helpers\regeneratorRuntime.js:44:17)
    at Generator.<anonymous> (D:\Java Script\FundoNotes\node_modules\@babel\runtime\helpers\regeneratorRuntime.js:125:22)
    at Generator.next (D:\Java Script\FundoNotes\node_modules\@babel\runtime\helpers\regeneratorRuntime.js:69:21)
    at asyncGeneratorStep (D:\Java Script\FundoNotes\node_modules\@babel\runtime\helpers\asyncToGenerator.js:3:24)
    at _next (D:\Java Script\FundoNotes\node_modules\@babel\runtime\helpers\asyncToGenerator.js:22:9)
    at D:\Java Script\FundoNotes\node_modules\@babel\runtime\helpers\asyncToGenerator.js:27:7
    at new Promise (<anonymous>)
    at D:\Java Script\FundoNotes\node_modules\@babel\runtime\helpers\asyncToGenerator.js:19:12
    at login (D:\Java Script\FundoNotes\src\controllers\/user.controller.js:98:19)
    at Layer.handle [as handle_request] (D:\Java Script\FundoNotes\node_modules\express\lib\router\layer.js:95:5)
    at next (D:\Java Script\FundoNotes\node_modules\express\lib\router\route.js:144:13)
    at Route.dispatch (D:\Java Script\FundoNotes\node_modules\express\lib\router\route.js:114:3)
    at Layer.handle [as handle_request] (D:\Java Script\FundoNotes\node_modules\express\lib\router\layer.js:95:5)
    at D:\Java Script\FundoNotes\node_modules\express\lib\router\index.js:284:15 {"date":"Fri Jan 27 2023 01:45:03 GMT+0530 (India Standard Time)","error":{},"exception":true,"os":{"loadavg":[0,0,0],"uptime":353982},"process":{"argv":["node","D:\\Java Script\\FundoNotes\\src\\index.js"],"cwd":"D:\\Java Script\\FundoNotes","execPath":"C:\\Program Files\\nodejs\\node.exe","gid":null,"memoryUsage":{"arrayBuffers":18330771,"external":19848337,"heapTotal":47403008,"heapUsed":44280080,"rss":87924736},"pid":1404,"uid":null,"version":"v18.12.1"},"stack":"ReferenceError: Joi is not defined\n    at validateUser (D:\\Java Script\\FundoNotes\\src\\controllers\\/user.controller.js:116:18)\n    at _callee6$ (D:\\Java Script\\FundoNotes\\src\\controllers\\/user.controller.js:99:21)\n    at tryCatch (D:\\Java Script\\FundoNotes\\node_modules\\@babel\\runtime\\helpers\\regeneratorRuntime.js:44:17)\n    at Generator.<anonymous> (D:\\Java Script\\FundoNotes\\node_modules\\@babel\\runtime\\helpers\\regeneratorRuntime.js:125:22)\n    at Generator.next (D:\\Java Script\\FundoNotes\\node_modules\\@babel\\runtime\\helpers\\regeneratorRuntime.js:69:21)\n    at asyncGeneratorStep (D:\\Java Script\\FundoNotes\\node_modules\\@babel\\runtime\\helpers\\asyncToGenerator.js:3:24)\n    at _next (D:\\Java Script\\FundoNotes\\node_modules\\@babel\\runtime\\helpers\\asyncToGenerator.js:22:9)\n    at D:\\Java Script\\FundoNotes\\node_modules\\@babel\\runtime\\helpers\\asyncToGenerator.js:27:7\n    at new Promise (<anonymous>)\n    at D:\\Java Script\\FundoNotes\\node_modules\\@babel\\runtime\\helpers\\asyncToGenerator.js:19:12\n    at login (D:\\Java Script\\FundoNotes\\src\\controllers\\/user.controller.js:98:19)\n    at Layer.handle [as handle_request] (D:\\Java Script\\FundoNotes\\node_modules\\express\\lib\\router\\layer.js:95:5)\n    at next (D:\\Java Script\\FundoNotes\\node_modules\\express\\lib\\router\\route.js:144:13)\n    at Route.dispatch (D:\\Java Script\\FundoNotes\\node_modules\\express\\lib\\router\\route.js:114:3)\n    at Layer.handle [as handle_request] (D:\\Java Script\\FundoNotes\\node_modules\\express\\lib\\router\\layer.js:95:5)\n    at D:\\Java Script\\FundoNotes\\node_modules\\express\\lib\\router\\index.js:284:15","trace":[{"column":18,"file":"D:\\Java Script\\FundoNotes\\src\\controllers\\/user.controller.js","function":"validateUser","line":116,"method":null,"native":false},{"column":21,"file":"D:\\Java Script\\FundoNotes\\src\\controllers\\/user.controller.js","function":"_callee6$","line":99,"method":null,"native":false},{"column":17,"file":"D:\\Java Script\\FundoNotes\\node_modules\\@babel\\runtime\\helpers\\regeneratorRuntime.js","function":"tryCatch","line":44,"method":null,"native":false},{"column":22,"file":"D:\\Java Script\\FundoNotes\\node_modules\\@babel\\runtime\\helpers\\regeneratorRuntime.js","function":null,"line":125,"method":null,"native":false},{"column":21,"file":"D:\\Java Script\\FundoNotes\\node_modules\\@babel\\runtime\\helpers\\regeneratorRuntime.js","function":"Generator.next","line":69,"method":"next","native":false},{"column":24,"file":"D:\\Java Script\\FundoNotes\\node_modules\\@babel\\runtime\\helpers\\asyncToGenerator.js","function":"asyncGeneratorStep","line":3,"method":null,"native":false},{"column":9,"file":"D:\\Java Script\\FundoNotes\\node_modules\\@babel\\runtime\\helpers\\asyncToGenerator.js","function":"_next","line":22,"method":null,"native":false},{"column":7,"file":"D:\\Java Script\\FundoNotes\\node_modules\\@babel\\runtime\\helpers\\asyncToGenerator.js","function":null,"line":27,"method":null,"native":false},{"column":null,"file":null,"function":"new Promise","line":null,"method":null,"native":false},{"column":12,"file":"D:\\Java Script\\FundoNotes\\node_modules\\@babel\\runtime\\helpers\\asyncToGenerator.js","function":null,"line":19,"method":null,"native":false},{"column":19,"file":"D:\\Java Script\\FundoNotes\\src\\controllers\\/user.controller.js","function":"login","line":98,"method":null,"native":false},{"column":5,"file":"D:\\Java Script\\FundoNotes\\node_modules\\express\\lib\\router\\layer.js","function":"Layer.handle [as handle_request]","line":95,"method":"handle [as handle_request]","native":false},{"column":13,"file":"D:\\Java Script\\FundoNotes\\node_modules\\express\\lib\\router\\route.js","function":"next","line":144,"method":null,"native":false},{"column":3,"file":"D:\\Java Script\\FundoNotes\\node_modules\\express\\lib\\router\\route.js","function":"Route.dispatch","line":114,"method":"dispatch","native":false},{"column":5,"file":"D:\\Java Script\\FundoNotes\\node_modules\\express\\lib\\router\\layer.js","function":"Layer.handle [as handle_request]","line":95,"method":"handle [as handle_request]","native":false},{"column":15,"file":"D:\\Java Script\\FundoNotes\\node_modules\\express\\lib\\router\\index.js","function":null,"line":284,"method":null,"native":false}]}
info: ::1 - - [26/Jan/2023:20:16:33 +0000] "POST /api/v1/login/log HTTP/1.1" 200 39 "-" "PostmanRuntime/7.30.0"

error: uncaughtException: Joi is not defined
ReferenceError: Joi is not defined
    at LoginValidator (D:\Java Script\FundoNotes\src\controllers\/user.controller.js:116:18)
    at _callee6$ (D:\Java Script\FundoNotes\src\controllers\/user.controller.js:99:21)
    at tryCatch (D:\Java Script\FundoNotes\node_modules\@babel\runtime\helpers\regeneratorRuntime.js:44:17)
    at Generator.<anonymous> (D:\Java Script\FundoNotes\node_modules\@babel\runtime\helpers\regeneratorRuntime.js:125:22)
    at Generator.next (D:\Java Script\FundoNotes\node_modules\@babel\runtime\helpers\regeneratorRuntime.js:69:21)
    at asyncGeneratorStep (D:\Java Script\FundoNotes\node_modules\@babel\runtime\helpers\asyncToGenerator.js:3:24)
    at _next (D:\Java Script\FundoNotes\node_modules\@babel\runtime\helpers\asyncToGenerator.js:22:9)
    at D:\Java Script\FundoNotes\node_modules\@babel\runtime\helpers\asyncToGenerator.js:27:7
    at new Promise (<anonymous>)
    at D:\Java Script\FundoNotes\node_modules\@babel\runtime\helpers\asyncToGenerator.js:19:12
    at login (D:\Java Script\FundoNotes\src\controllers\/user.controller.js:98:19)
    at Layer.handle [as handle_request] (D:\Java Script\FundoNotes\node_modules\express\lib\router\layer.js:95:5)
    at next (D:\Java Script\FundoNotes\node_modules\express\lib\router\route.js:144:13)
    at Route.dispatch (D:\Java Script\FundoNotes\node_modules\express\lib\router\route.js:114:3)
    at Layer.handle [as handle_request] (D:\Java Script\FundoNotes\node_modules\express\lib\router\layer.js:95:5)
    at D:\Java Script\FundoNotes\node_modules\express\lib\router\index.js:284:15
    at Function.process_params (D:\Java Script\FundoNotes\node_modules\express\lib\router\index.js:346:12)
    at next (D:\Java Script\FundoNotes\node_modules\express\lib\router\index.js:280:10)
    at Function.handle (D:\Java Script\FundoNotes\node_modules\express\lib\router\index.js:175:3)
    at router (D:\Java Script\FundoNotes\node_modules\express\lib\router\index.js:47:12)
    at Layer.handle [as handle_request] (D:\Java Script\FundoNotes\node_modules\express\lib\router\layer.js:95:5)
    at trim_prefix (D:\Java Script\FundoNotes\node_modules\express\lib\router\index.js:328:13)
    at D:\Java Script\FundoNotes\node_modules\express\lib\router\index.js:286:9
    at Function.process_params (D:\Java Script\FundoNotes\node_modules\express\lib\router\index.js:346:12)
    at next (D:\Java Script\FundoNotes\node_modules\express\lib\router\index.js:280:10)
    at Function.handle (D:\Java Script\FundoNotes\node_modules\express\lib\router\index.js:175:3)
    at router (D:\Java Script\FundoNotes\node_modules\express\lib\router\index.js:47:12)
    at Layer.handle [as handle_request] (D:\Java Script\FundoNotes\node_modules\express\lib\router\layer.js:95:5)
    at trim_prefix (D:\Java Script\FundoNotes\node_modules\express\lib\router\index.js:328:13)
    at D:\Java Script\FundoNotes\node_modules\express\lib\router\index.js:286:9
    at Function.process_params (D:\Java Script\FundoNotes\node_modules\express\lib\router\index.js:346:12)
    at next (D:\Java Script\FundoNotes\node_modules\express\lib\router\index.js:280:10)
    at logger (D:\Java Script\FundoNotes\node_modules\morgan\index.js:144:5)
    at Layer.handle [as handle_request] (D:\Java Script\FundoNotes\node_modules\express\lib\router\layer.js:95:5)
    at trim_prefix (D:\Java Script\FundoNotes\node_modules\express\lib\router\index.js:328:13)
    at D:\Java Script\FundoNotes\node_modules\express\lib\router\index.js:286:9
    at Function.process_params (D:\Java Script\FundoNotes\node_modules\express\lib\router\index.js:346:12)
    at next (D:\Java Script\FundoNotes\node_modules\express\lib\router\index.js:280:10)
    at D:\Java Script\FundoNotes\node_modules\body-parser\lib\read.js:137:5
    at AsyncResource.runInAsyncScope (node:async_hooks:203:9)
    at invokeCallback (D:\Java Script\FundoNotes\node_modules\raw-body\index.js:231:16)
    at done (D:\Java Script\FundoNotes\node_modules\raw-body\index.js:220:7)
    at IncomingMessage.onEnd (D:\Java Script\FundoNotes\node_modules\raw-body\index.js:280:7)
    at IncomingMessage.emit (node:events:513:28)
    at IncomingMessage.emit (node:domain:489:12)
    at endReadableNT (node:internal/streams/readable:1359:12)
    at processTicksAndRejections (node:internal/process/task_queues:82:21) {"date":"Fri Jan 27 2023 01:49:55 GMT+0530 (India Standard Time)","error":{},"exception":true,"os":{"loadavg":[0,0,0],"uptime":354275},"process":{"argv":["node","D:\\Java Script\\FundoNotes\\src\\index.js"],"cwd":"D:\\Java Script\\FundoNotes","execPath":"C:\\Program Files\\nodejs\\node.exe","gid":null,"memoryUsage":{"arrayBuffers":19583556,"external":21103253,"heapTotal":94310400,"heapUsed":61475184,"rss":134344704},"pid":12652,"uid":null,"version":"v18.12.1"},"stack":"ReferenceError: Joi is not defined\n    at LoginValidator (D:\\Java Script\\FundoNotes\\src\\controllers\\/user.controller.js:116:18)\n    at _callee6$ (D:\\Java Script\\FundoNotes\\src\\controllers\\/user.controller.js:99:21)\n    at tryCatch (D:\\Java Script\\FundoNotes\\node_modules\\@babel\\runtime\\helpers\\regeneratorRuntime.js:44:17)\n    at Generator.<anonymous> (D:\\Java Script\\FundoNotes\\node_modules\\@babel\\runtime\\helpers\\regeneratorRuntime.js:125:22)\n    at Generator.next (D:\\Java Script\\FundoNotes\\node_modules\\@babel\\runtime\\helpers\\regeneratorRuntime.js:69:21)\n    at asyncGeneratorStep (D:\\Java Script\\FundoNotes\\node_modules\\@babel\\runtime\\helpers\\asyncToGenerator.js:3:24)\n    at _next (D:\\Java Script\\FundoNotes\\node_modules\\@babel\\runtime\\helpers\\asyncToGenerator.js:22:9)\n    at D:\\Java Script\\FundoNotes\\node_modules\\@babel\\runtime\\helpers\\asyncToGenerator.js:27:7\n    at new Promise (<anonymous>)\n    at D:\\Java Script\\FundoNotes\\node_modules\\@babel\\runtime\\helpers\\asyncToGenerator.js:19:12\n    at login (D:\\Java Script\\FundoNotes\\src\\controllers\\/user.controller.js:98:19)\n    at Layer.handle [as handle_request] (D:\\Java Script\\FundoNotes\\node_modules\\express\\lib\\router\\layer.js:95:5)\n    at next (D:\\Java Script\\FundoNotes\\node_modules\\express\\lib\\router\\route.js:144:13)\n    at Route.dispatch (D:\\Java Script\\FundoNotes\\node_modules\\express\\lib\\router\\route.js:114:3)\n    at Layer.handle [as handle_request] (D:\\Java Script\\FundoNotes\\node_modules\\express\\lib\\router\\layer.js:95:5)\n    at D:\\Java Script\\FundoNotes\\node_modules\\express\\lib\\router\\index.js:284:15\n    at Function.process_params (D:\\Java Script\\FundoNotes\\node_modules\\express\\lib\\router\\index.js:346:12)\n    at next (D:\\Java Script\\FundoNotes\\node_modules\\express\\lib\\router\\index.js:280:10)\n    at Function.handle (D:\\Java Script\\FundoNotes\\node_modules\\express\\lib\\router\\index.js:175:3)\n    at router (D:\\Java Script\\FundoNotes\\node_modules\\express\\lib\\router\\index.js:47:12)\n    at Layer.handle [as handle_request] (D:\\Java Script\\FundoNotes\\node_modules\\express\\lib\\router\\layer.js:95:5)\n    at trim_prefix (D:\\Java Script\\FundoNotes\\node_modules\\express\\lib\\router\\index.js:328:13)\n    at D:\\Java Script\\FundoNotes\\node_modules\\express\\lib\\router\\index.js:286:9\n    at Function.process_params (D:\\Java Script\\FundoNotes\\node_modules\\express\\lib\\router\\index.js:346:12)\n    at next (D:\\Java Script\\FundoNotes\\node_modules\\express\\lib\\router\\index.js:280:10)\n    at Function.handle (D:\\Java Script\\FundoNotes\\node_modules\\express\\lib\\router\\index.js:175:3)\n    at router (D:\\Java Script\\FundoNotes\\node_modules\\express\\lib\\router\\index.js:47:12)\n    at Layer.handle [as handle_request] (D:\\Java Script\\FundoNotes\\node_modules\\express\\lib\\router\\layer.js:95:5)\n    at trim_prefix (D:\\Java Script\\FundoNotes\\node_modules\\express\\lib\\router\\index.js:328:13)\n    at D:\\Java Script\\FundoNotes\\node_modules\\express\\lib\\router\\index.js:286:9\n    at Function.process_params (D:\\Java Script\\FundoNotes\\node_modules\\express\\lib\\router\\index.js:346:12)\n    at next (D:\\Java Script\\FundoNotes\\node_modules\\express\\lib\\router\\index.js:280:10)\n    at logger (D:\\Java Script\\FundoNotes\\node_modules\\morgan\\index.js:144:5)\n    at Layer.handle [as handle_request] (D:\\Java Script\\FundoNotes\\node_modules\\express\\lib\\router\\layer.js:95:5)\n    at trim_prefix (D:\\Java Script\\FundoNotes\\node_modules\\express\\lib\\router\\index.js:328:13)\n    at D:\\Java Script\\FundoNotes\\node_modules\\express\\lib\\router\\index.js:286:9\n    at Function.process_params (D:\\Java Script\\FundoNotes\\node_modules\\express\\lib\\router\\index.js:346:12)\n    at next (D:\\Java Script\\FundoNotes\\node_modules\\express\\lib\\router\\index.js:280:10)\n    at D:\\Java Script\\FundoNotes\\node_modules\\body-parser\\lib\\read.js:137:5\n    at AsyncResource.runInAsyncScope (node:async_hooks:203:9)\n    at invokeCallback (D:\\Java Script\\FundoNotes\\node_modules\\raw-body\\index.js:231:16)\n    at done (D:\\Java Script\\FundoNotes\\node_modules\\raw-body\\index.js:220:7)\n    at IncomingMessage.onEnd (D:\\Java Script\\FundoNotes\\node_modules\\raw-body\\index.js:280:7)\n    at IncomingMessage.emit (node:events:513:28)\n    at IncomingMessage.emit (node:domain:489:12)\n    at endReadableNT (node:internal/streams/readable:1359:12)\n    at processTicksAndRejections (node:internal/process/task_queues:82:21)","trace":[{"column":18,"file":"D:\\Java Script\\FundoNotes\\src\\controllers\\/user.controller.js","function":"LoginValidator","line":116,"method":null,"native":false},{"column":21,"file":"D:\\Java Script\\FundoNotes\\src\\controllers\\/user.controller.js","function":"_callee6$","line":99,"method":null,"native":false},{"column":17,"file":"D:\\Java Script\\FundoNotes\\node_modules\\@babel\\runtime\\helpers\\regeneratorRuntime.js","function":"tryCatch","line":44,"method":null,"native":false},{"column":22,"file":"D:\\Java Script\\FundoNotes\\node_modules\\@babel\\runtime\\helpers\\regeneratorRuntime.js","function":null,"line":125,"method":null,"native":false},{"column":21,"file":"D:\\Java Script\\FundoNotes\\node_modules\\@babel\\runtime\\helpers\\regeneratorRuntime.js","function":"Generator.next","line":69,"method":"next","native":false},{"column":24,"file":"D:\\Java Script\\FundoNotes\\node_modules\\@babel\\runtime\\helpers\\asyncToGenerator.js","function":"asyncGeneratorStep","line":3,"method":null,"native":false},{"column":9,"file":"D:\\Java Script\\FundoNotes\\node_modules\\@babel\\runtime\\helpers\\asyncToGenerator.js","function":"_next","line":22,"method":null,"native":false},{"column":7,"file":"D:\\Java Script\\FundoNotes\\node_modules\\@babel\\runtime\\helpers\\asyncToGenerator.js","function":null,"line":27,"method":null,"native":false},{"column":null,"file":null,"function":"new Promise","line":null,"method":null,"native":false},{"column":12,"file":"D:\\Java Script\\FundoNotes\\node_modules\\@babel\\runtime\\helpers\\asyncToGenerator.js","function":null,"line":19,"method":null,"native":false},{"column":19,"file":"D:\\Java Script\\FundoNotes\\src\\controllers\\/user.controller.js","function":"login","line":98,"method":null,"native":false},{"column":5,"file":"D:\\Java Script\\FundoNotes\\node_modules\\express\\lib\\router\\layer.js","function":"Layer.handle [as handle_request]","line":95,"method":"handle [as handle_request]","native":false},{"column":13,"file":"D:\\Java Script\\FundoNotes\\node_modules\\express\\lib\\router\\route.js","function":"next","line":144,"method":null,"native":false},{"column":3,"file":"D:\\Java Script\\FundoNotes\\node_modules\\express\\lib\\router\\route.js","function":"Route.dispatch","line":114,"method":"dispatch","native":false},{"column":5,"file":"D:\\Java Script\\FundoNotes\\node_modules\\express\\lib\\router\\layer.js","function":"Layer.handle [as handle_request]","line":95,"method":"handle [as handle_request]","native":false},{"column":15,"file":"D:\\Java Script\\FundoNotes\\node_modules\\express\\lib\\router\\index.js","function":null,"line":284,"method":null,"native":false},{"column":12,"file":"D:\\Java Script\\FundoNotes\\node_modules\\express\\lib\\router\\index.js","function":"Function.process_params","line":346,"method":"process_params","native":false},{"column":10,"file":"D:\\Java Script\\FundoNotes\\node_modules\\express\\lib\\router\\index.js","function":"next","line":280,"method":null,"native":false},{"column":3,"file":"D:\\Java Script\\FundoNotes\\node_modules\\express\\lib\\router\\index.js","function":"Function.handle","line":175,"method":"handle","native":false},{"column":12,"file":"D:\\Java Script\\FundoNotes\\node_modules\\express\\lib\\router\\index.js","function":"router","line":47,"method":null,"native":false},{"column":5,"file":"D:\\Java Script\\FundoNotes\\node_modules\\express\\lib\\router\\layer.js","function":"Layer.handle [as handle_request]","line":95,"method":"handle [as handle_request]","native":false},{"column":13,"file":"D:\\Java Script\\FundoNotes\\node_modules\\express\\lib\\router\\index.js","function":"trim_prefix","line":328,"method":null,"native":false},{"column":9,"file":"D:\\Java Script\\FundoNotes\\node_modules\\express\\lib\\router\\index.js","function":null,"line":286,"method":null,"native":false},{"column":12,"file":"D:\\Java Script\\FundoNotes\\node_modules\\express\\lib\\router\\index.js","function":"Function.process_params","line":346,"method":"process_params","native":false},{"column":10,"file":"D:\\Java Script\\FundoNotes\\node_modules\\express\\lib\\router\\index.js","function":"next","line":280,"method":null,"native":false},{"column":3,"file":"D:\\Java Script\\FundoNotes\\node_modules\\express\\lib\\router\\index.js","function":"Function.handle","line":175,"method":"handle","native":false},{"column":12,"file":"D:\\Java Script\\FundoNotes\\node_modules\\express\\lib\\router\\index.js","function":"router","line":47,"method":null,"native":false},{"column":5,"file":"D:\\Java Script\\FundoNotes\\node_modules\\express\\lib\\router\\layer.js","function":"Layer.handle [as handle_request]","line":95,"method":"handle [as handle_request]","native":false},{"column":13,"file":"D:\\Java Script\\FundoNotes\\node_modules\\express\\lib\\router\\index.js","function":"trim_prefix","line":328,"method":null,"native":false},{"column":9,"file":"D:\\Java Script\\FundoNotes\\node_modules\\express\\lib\\router\\index.js","function":null,"line":286,"method":null,"native":false},{"column":12,"file":"D:\\Java Script\\FundoNotes\\node_modules\\express\\lib\\router\\index.js","function":"Function.process_params","line":346,"method":"process_params","native":false},{"column":10,"file":"D:\\Java Script\\FundoNotes\\node_modules\\express\\lib\\router\\index.js","function":"next","line":280,"method":null,"native":false},{"column":5,"file":"D:\\Java Script\\FundoNotes\\node_modules\\morgan\\index.js","function":"logger","line":144,"method":null,"native":false},{"column":5,"file":"D:\\Java Script\\FundoNotes\\node_modules\\express\\lib\\router\\layer.js","function":"Layer.handle [as handle_request]","line":95,"method":"handle [as handle_request]","native":false},{"column":13,"file":"D:\\Java Script\\FundoNotes\\node_modules\\express\\lib\\router\\index.js","function":"trim_prefix","line":328,"method":null,"native":false},{"column":9,"file":"D:\\Java Script\\FundoNotes\\node_modules\\express\\lib\\router\\index.js","function":null,"line":286,"method":null,"native":false},{"column":12,"file":"D:\\Java Script\\FundoNotes\\node_modules\\express\\lib\\router\\index.js","function":"Function.process_params","line":346,"method":"process_params","native":false},{"column":10,"file":"D:\\Java Script\\FundoNotes\\node_modules\\express\\lib\\router\\index.js","function":"next","line":280,"method":null,"native":false},{"column":5,"file":"D:\\Java Script\\FundoNotes\\node_modules\\body-parser\\lib\\read.js","function":null,"line":137,"method":null,"native":false},{"column":9,"file":"node:async_hooks","function":"AsyncResource.runInAsyncScope","line":203,"method":"runInAsyncScope","native":false},{"column":16,"file":"D:\\Java Script\\FundoNotes\\node_modules\\raw-body\\index.js","function":"invokeCallback","line":231,"method":null,"native":false},{"column":7,"file":"D:\\Java Script\\FundoNotes\\node_modules\\raw-body\\index.js","function":"done","line":220,"method":null,"native":false},{"column":7,"file":"D:\\Java Script\\FundoNotes\\node_modules\\raw-body\\index.js","function":"IncomingMessage.onEnd","line":280,"method":"onEnd","native":false},{"column":28,"file":"node:events","function":"IncomingMessage.emit","line":513,"method":"emit","native":false},{"column":12,"file":"node:domain","function":"IncomingMessage.emit","line":489,"method":"emit","native":false},{"column":12,"file":"node:internal/streams/readable","function":"endReadableNT","line":1359,"method":null,"native":false},{"column":21,"file":"node:internal/process/task_queues","function":"processTicksAndRejections","line":82,"method":null,"native":false}]}
error: uncaughtException: joiPassword is not defined
ReferenceError: joiPassword is not defined
    at LoginValidator (D:\Java Script\FundoNotes\src\controllers\/user.controller.js:119:15)
    at _callee6$ (D:\Java Script\FundoNotes\src\controllers\/user.controller.js:100:21)
    at tryCatch (D:\Java Script\FundoNotes\node_modules\@babel\runtime\helpers\regeneratorRuntime.js:44:17)
    at Generator.<anonymous> (D:\Java Script\FundoNotes\node_modules\@babel\runtime\helpers\regeneratorRuntime.js:125:22)
    at Generator.next (D:\Java Script\FundoNotes\node_modules\@babel\runtime\helpers\regeneratorRuntime.js:69:21)
    at asyncGeneratorStep (D:\Java Script\FundoNotes\node_modules\@babel\runtime\helpers\asyncToGenerator.js:3:24)
    at _next (D:\Java Script\FundoNotes\node_modules\@babel\runtime\helpers\asyncToGenerator.js:22:9)
    at D:\Java Script\FundoNotes\node_modules\@babel\runtime\helpers\asyncToGenerator.js:27:7
    at new Promise (<anonymous>)
    at D:\Java Script\FundoNotes\node_modules\@babel\runtime\helpers\asyncToGenerator.js:19:12
    at login (D:\Java Script\FundoNotes\src\controllers\/user.controller.js:99:19)
    at Layer.handle [as handle_request] (D:\Java Script\FundoNotes\node_modules\express\lib\router\layer.js:95:5)
    at next (D:\Java Script\FundoNotes\node_modules\express\lib\router\route.js:144:13)
    at Route.dispatch (D:\Java Script\FundoNotes\node_modules\express\lib\router\route.js:114:3)
    at Layer.handle [as handle_request] (D:\Java Script\FundoNotes\node_modules\express\lib\router\layer.js:95:5)
    at D:\Java Script\FundoNotes\node_modules\express\lib\router\index.js:284:15
    at Function.process_params (D:\Java Script\FundoNotes\node_modules\express\lib\router\index.js:346:12)
    at next (D:\Java Script\FundoNotes\node_modules\express\lib\router\index.js:280:10)
    at Function.handle (D:\Java Script\FundoNotes\node_modules\express\lib\router\index.js:175:3)
    at router (D:\Java Script\FundoNotes\node_modules\express\lib\router\index.js:47:12)
    at Layer.handle [as handle_request] (D:\Java Script\FundoNotes\node_modules\express\lib\router\layer.js:95:5)
    at trim_prefix (D:\Java Script\FundoNotes\node_modules\express\lib\router\index.js:328:13)
    at D:\Java Script\FundoNotes\node_modules\express\lib\router\index.js:286:9
    at Function.process_params (D:\Java Script\FundoNotes\node_modules\express\lib\router\index.js:346:12)
    at next (D:\Java Script\FundoNotes\node_modules\express\lib\router\index.js:280:10)
    at Function.handle (D:\Java Script\FundoNotes\node_modules\express\lib\router\index.js:175:3)
    at router (D:\Java Script\FundoNotes\node_modules\express\lib\router\index.js:47:12)
    at Layer.handle [as handle_request] (D:\Java Script\FundoNotes\node_modules\express\lib\router\layer.js:95:5)
    at trim_prefix (D:\Java Script\FundoNotes\node_modules\express\lib\router\index.js:328:13)
    at D:\Java Script\FundoNotes\node_modules\express\lib\router\index.js:286:9
    at Function.process_params (D:\Java Script\FundoNotes\node_modules\express\lib\router\index.js:346:12)
    at next (D:\Java Script\FundoNotes\node_modules\express\lib\router\index.js:280:10)
    at logger (D:\Java Script\FundoNotes\node_modules\morgan\index.js:144:5)
    at Layer.handle [as handle_request] (D:\Java Script\FundoNotes\node_modules\express\lib\router\layer.js:95:5)
    at trim_prefix (D:\Java Script\FundoNotes\node_modules\express\lib\router\index.js:328:13)
    at D:\Java Script\FundoNotes\node_modules\express\lib\router\index.js:286:9
    at Function.process_params (D:\Java Script\FundoNotes\node_modules\express\lib\router\index.js:346:12)
    at next (D:\Java Script\FundoNotes\node_modules\express\lib\router\index.js:280:10)
    at D:\Java Script\FundoNotes\node_modules\body-parser\lib\read.js:137:5
    at AsyncResource.runInAsyncScope (node:async_hooks:203:9)
    at invokeCallback (D:\Java Script\FundoNotes\node_modules\raw-body\index.js:231:16)
    at done (D:\Java Script\FundoNotes\node_modules\raw-body\index.js:220:7)
    at IncomingMessage.onEnd (D:\Java Script\FundoNotes\node_modules\raw-body\index.js:280:7)
    at IncomingMessage.emit (node:events:513:28)
    at IncomingMessage.emit (node:domain:489:12)
    at endReadableNT (node:internal/streams/readable:1359:12)
    at processTicksAndRejections (node:internal/process/task_queues:82:21) {"date":"Fri Jan 27 2023 01:50:38 GMT+0530 (India Standard Time)","error":{},"exception":true,"os":{"loadavg":[0,0,0],"uptime":354318},"process":{"argv":["node","D:\\Java Script\\FundoNotes\\src\\index.js"],"cwd":"D:\\Java Script\\FundoNotes","execPath":"C:\\Program Files\\nodejs\\node.exe","gid":null,"memoryUsage":{"arrayBuffers":19570576,"external":21090273,"heapTotal":94572544,"heapUsed":61127952,"rss":134254592},"pid":12492,"uid":null,"version":"v18.12.1"},"stack":"ReferenceError: joiPassword is not defined\n    at LoginValidator (D:\\Java Script\\FundoNotes\\src\\controllers\\/user.controller.js:119:15)\n    at _callee6$ (D:\\Java Script\\FundoNotes\\src\\controllers\\/user.controller.js:100:21)\n    at tryCatch (D:\\Java Script\\FundoNotes\\node_modules\\@babel\\runtime\\helpers\\regeneratorRuntime.js:44:17)\n    at Generator.<anonymous> (D:\\Java Script\\FundoNotes\\node_modules\\@babel\\runtime\\helpers\\regeneratorRuntime.js:125:22)\n    at Generator.next (D:\\Java Script\\FundoNotes\\node_modules\\@babel\\runtime\\helpers\\regeneratorRuntime.js:69:21)\n    at asyncGeneratorStep (D:\\Java Script\\FundoNotes\\node_modules\\@babel\\runtime\\helpers\\asyncToGenerator.js:3:24)\n    at _next (D:\\Java Script\\FundoNotes\\node_modules\\@babel\\runtime\\helpers\\asyncToGenerator.js:22:9)\n    at D:\\Java Script\\FundoNotes\\node_modules\\@babel\\runtime\\helpers\\asyncToGenerator.js:27:7\n    at new Promise (<anonymous>)\n    at D:\\Java Script\\FundoNotes\\node_modules\\@babel\\runtime\\helpers\\asyncToGenerator.js:19:12\n    at login (D:\\Java Script\\FundoNotes\\src\\controllers\\/user.controller.js:99:19)\n    at Layer.handle [as handle_request] (D:\\Java Script\\FundoNotes\\node_modules\\express\\lib\\router\\layer.js:95:5)\n    at next (D:\\Java Script\\FundoNotes\\node_modules\\express\\lib\\router\\route.js:144:13)\n    at Route.dispatch (D:\\Java Script\\FundoNotes\\node_modules\\express\\lib\\router\\route.js:114:3)\n    at Layer.handle [as handle_request] (D:\\Java Script\\FundoNotes\\node_modules\\express\\lib\\router\\layer.js:95:5)\n    at D:\\Java Script\\FundoNotes\\node_modules\\express\\lib\\router\\index.js:284:15\n    at Function.process_params (D:\\Java Script\\FundoNotes\\node_modules\\express\\lib\\router\\index.js:346:12)\n    at next (D:\\Java Script\\FundoNotes\\node_modules\\express\\lib\\router\\index.js:280:10)\n    at Function.handle (D:\\Java Script\\FundoNotes\\node_modules\\express\\lib\\router\\index.js:175:3)\n    at router (D:\\Java Script\\FundoNotes\\node_modules\\express\\lib\\router\\index.js:47:12)\n    at Layer.handle [as handle_request] (D:\\Java Script\\FundoNotes\\node_modules\\express\\lib\\router\\layer.js:95:5)\n    at trim_prefix (D:\\Java Script\\FundoNotes\\node_modules\\express\\lib\\router\\index.js:328:13)\n    at D:\\Java Script\\FundoNotes\\node_modules\\express\\lib\\router\\index.js:286:9\n    at Function.process_params (D:\\Java Script\\FundoNotes\\node_modules\\express\\lib\\router\\index.js:346:12)\n    at next (D:\\Java Script\\FundoNotes\\node_modules\\express\\lib\\router\\index.js:280:10)\n    at Function.handle (D:\\Java Script\\FundoNotes\\node_modules\\express\\lib\\router\\index.js:175:3)\n    at router (D:\\Java Script\\FundoNotes\\node_modules\\express\\lib\\router\\index.js:47:12)\n    at Layer.handle [as handle_request] (D:\\Java Script\\FundoNotes\\node_modules\\express\\lib\\router\\layer.js:95:5)\n    at trim_prefix (D:\\Java Script\\FundoNotes\\node_modules\\express\\lib\\router\\index.js:328:13)\n    at D:\\Java Script\\FundoNotes\\node_modules\\express\\lib\\router\\index.js:286:9\n    at Function.process_params (D:\\Java Script\\FundoNotes\\node_modules\\express\\lib\\router\\index.js:346:12)\n    at next (D:\\Java Script\\FundoNotes\\node_modules\\express\\lib\\router\\index.js:280:10)\n    at logger (D:\\Java Script\\FundoNotes\\node_modules\\morgan\\index.js:144:5)\n    at Layer.handle [as handle_request] (D:\\Java Script\\FundoNotes\\node_modules\\express\\lib\\router\\layer.js:95:5)\n    at trim_prefix (D:\\Java Script\\FundoNotes\\node_modules\\express\\lib\\router\\index.js:328:13)\n    at D:\\Java Script\\FundoNotes\\node_modules\\express\\lib\\router\\index.js:286:9\n    at Function.process_params (D:\\Java Script\\FundoNotes\\node_modules\\express\\lib\\router\\index.js:346:12)\n    at next (D:\\Java Script\\FundoNotes\\node_modules\\express\\lib\\router\\index.js:280:10)\n    at D:\\Java Script\\FundoNotes\\node_modules\\body-parser\\lib\\read.js:137:5\n    at AsyncResource.runInAsyncScope (node:async_hooks:203:9)\n    at invokeCallback (D:\\Java Script\\FundoNotes\\node_modules\\raw-body\\index.js:231:16)\n    at done (D:\\Java Script\\FundoNotes\\node_modules\\raw-body\\index.js:220:7)\n    at IncomingMessage.onEnd (D:\\Java Script\\FundoNotes\\node_modules\\raw-body\\index.js:280:7)\n    at IncomingMessage.emit (node:events:513:28)\n    at IncomingMessage.emit (node:domain:489:12)\n    at endReadableNT (node:internal/streams/readable:1359:12)\n    at processTicksAndRejections (node:internal/process/task_queues:82:21)","trace":[{"column":15,"file":"D:\\Java Script\\FundoNotes\\src\\controllers\\/user.controller.js","function":"LoginValidator","line":119,"method":null,"native":false},{"column":21,"file":"D:\\Java Script\\FundoNotes\\src\\controllers\\/user.controller.js","function":"_callee6$","line":100,"method":null,"native":false},{"column":17,"file":"D:\\Java Script\\FundoNotes\\node_modules\\@babel\\runtime\\helpers\\regeneratorRuntime.js","function":"tryCatch","line":44,"method":null,"native":false},{"column":22,"file":"D:\\Java Script\\FundoNotes\\node_modules\\@babel\\runtime\\helpers\\regeneratorRuntime.js","function":null,"line":125,"method":null,"native":false},{"column":21,"file":"D:\\Java Script\\FundoNotes\\node_modules\\@babel\\runtime\\helpers\\regeneratorRuntime.js","function":"Generator.next","line":69,"method":"next","native":false},{"column":24,"file":"D:\\Java Script\\FundoNotes\\node_modules\\@babel\\runtime\\helpers\\asyncToGenerator.js","function":"asyncGeneratorStep","line":3,"method":null,"native":false},{"column":9,"file":"D:\\Java Script\\FundoNotes\\node_modules\\@babel\\runtime\\helpers\\asyncToGenerator.js","function":"_next","line":22,"method":null,"native":false},{"column":7,"file":"D:\\Java Script\\FundoNotes\\node_modules\\@babel\\runtime\\helpers\\asyncToGenerator.js","function":null,"line":27,"method":null,"native":false},{"column":null,"file":null,"function":"new Promise","line":null,"method":null,"native":false},{"column":12,"file":"D:\\Java Script\\FundoNotes\\node_modules\\@babel\\runtime\\helpers\\asyncToGenerator.js","function":null,"line":19,"method":null,"native":false},{"column":19,"file":"D:\\Java Script\\FundoNotes\\src\\controllers\\/user.controller.js","function":"login","line":99,"method":null,"native":false},{"column":5,"file":"D:\\Java Script\\FundoNotes\\node_modules\\express\\lib\\router\\layer.js","function":"Layer.handle [as handle_request]","line":95,"method":"handle [as handle_request]","native":false},{"column":13,"file":"D:\\Java Script\\FundoNotes\\node_modules\\express\\lib\\router\\route.js","function":"next","line":144,"method":null,"native":false},{"column":3,"file":"D:\\Java Script\\FundoNotes\\node_modules\\express\\lib\\router\\route.js","function":"Route.dispatch","line":114,"method":"dispatch","native":false},{"column":5,"file":"D:\\Java Script\\FundoNotes\\node_modules\\express\\lib\\router\\layer.js","function":"Layer.handle [as handle_request]","line":95,"method":"handle [as handle_request]","native":false},{"column":15,"file":"D:\\Java Script\\FundoNotes\\node_modules\\express\\lib\\router\\index.js","function":null,"line":284,"method":null,"native":false},{"column":12,"file":"D:\\Java Script\\FundoNotes\\node_modules\\express\\lib\\router\\index.js","function":"Function.process_params","line":346,"method":"process_params","native":false},{"column":10,"file":"D:\\Java Script\\FundoNotes\\node_modules\\express\\lib\\router\\index.js","function":"next","line":280,"method":null,"native":false},{"column":3,"file":"D:\\Java Script\\FundoNotes\\node_modules\\express\\lib\\router\\index.js","function":"Function.handle","line":175,"method":"handle","native":false},{"column":12,"file":"D:\\Java Script\\FundoNotes\\node_modules\\express\\lib\\router\\index.js","function":"router","line":47,"method":null,"native":false},{"column":5,"file":"D:\\Java Script\\FundoNotes\\node_modules\\express\\lib\\router\\layer.js","function":"Layer.handle [as handle_request]","line":95,"method":"handle [as handle_request]","native":false},{"column":13,"file":"D:\\Java Script\\FundoNotes\\node_modules\\express\\lib\\router\\index.js","function":"trim_prefix","line":328,"method":null,"native":false},{"column":9,"file":"D:\\Java Script\\FundoNotes\\node_modules\\express\\lib\\router\\index.js","function":null,"line":286,"method":null,"native":false},{"column":12,"file":"D:\\Java Script\\FundoNotes\\node_modules\\express\\lib\\router\\index.js","function":"Function.process_params","line":346,"method":"process_params","native":false},{"column":10,"file":"D:\\Java Script\\FundoNotes\\node_modules\\express\\lib\\router\\index.js","function":"next","line":280,"method":null,"native":false},{"column":3,"file":"D:\\Java Script\\FundoNotes\\node_modules\\express\\lib\\router\\index.js","function":"Function.handle","line":175,"method":"handle","native":false},{"column":12,"file":"D:\\Java Script\\FundoNotes\\node_modules\\express\\lib\\router\\index.js","function":"router","line":47,"method":null,"native":false},{"column":5,"file":"D:\\Java Script\\FundoNotes\\node_modules\\express\\lib\\router\\layer.js","function":"Layer.handle [as handle_request]","line":95,"method":"handle [as handle_request]","native":false},{"column":13,"file":"D:\\Java Script\\FundoNotes\\node_modules\\express\\lib\\router\\index.js","function":"trim_prefix","line":328,"method":null,"native":false},{"column":9,"file":"D:\\Java Script\\FundoNotes\\node_modules\\express\\lib\\router\\index.js","function":null,"line":286,"method":null,"native":false},{"column":12,"file":"D:\\Java Script\\FundoNotes\\node_modules\\express\\lib\\router\\index.js","function":"Function.process_params","line":346,"method":"process_params","native":false},{"column":10,"file":"D:\\Java Script\\FundoNotes\\node_modules\\express\\lib\\router\\index.js","function":"next","line":280,"method":null,"native":false},{"column":5,"file":"D:\\Java Script\\FundoNotes\\node_modules\\morgan\\index.js","function":"logger","line":144,"method":null,"native":false},{"column":5,"file":"D:\\Java Script\\FundoNotes\\node_modules\\express\\lib\\router\\layer.js","function":"Layer.handle [as handle_request]","line":95,"method":"handle [as handle_request]","native":false},{"column":13,"file":"D:\\Java Script\\FundoNotes\\node_modules\\express\\lib\\router\\index.js","function":"trim_prefix","line":328,"method":null,"native":false},{"column":9,"file":"D:\\Java Script\\FundoNotes\\node_modules\\express\\lib\\router\\index.js","function":null,"line":286,"method":null,"native":false},{"column":12,"file":"D:\\Java Script\\FundoNotes\\node_modules\\express\\lib\\router\\index.js","function":"Function.process_params","line":346,"method":"process_params","native":false},{"column":10,"file":"D:\\Java Script\\FundoNotes\\node_modules\\express\\lib\\router\\index.js","function":"next","line":280,"method":null,"native":false},{"column":5,"file":"D:\\Java Script\\FundoNotes\\node_modules\\body-parser\\lib\\read.js","function":null,"line":137,"method":null,"native":false},{"column":9,"file":"node:async_hooks","function":"AsyncResource.runInAsyncScope","line":203,"method":"runInAsyncScope","native":false},{"column":16,"file":"D:\\Java Script\\FundoNotes\\node_modules\\raw-body\\index.js","function":"invokeCallback","line":231,"method":null,"native":false},{"column":7,"file":"D:\\Java Script\\FundoNotes\\node_modules\\raw-body\\index.js","function":"done","line":220,"method":null,"native":false},{"column":7,"file":"D:\\Java Script\\FundoNotes\\node_modules\\raw-body\\index.js","function":"IncomingMessage.onEnd","line":280,"method":"onEnd","native":false},{"column":28,"file":"node:events","function":"IncomingMessage.emit","line":513,"method":"emit","native":false},{"column":12,"file":"node:domain","function":"IncomingMessage.emit","line":489,"method":"emit","native":false},{"column":12,"file":"node:internal/streams/readable","function":"endReadableNT","line":1359,"method":null,"native":false},{"column":21,"file":"node:internal/process/task_queues","function":"processTicksAndRejections","line":82,"method":null,"native":false}]}
error: uncaughtException: joiPassword is not defined
ReferenceError: joiPassword is not defined
    at LoginValidator (D:\Java Script\FundoNotes\src\controllers\/user.controller.js:120:15)
    at _callee6$ (D:\Java Script\FundoNotes\src\controllers\/user.controller.js:101:21)
    at tryCatch (D:\Java Script\FundoNotes\node_modules\@babel\runtime\helpers\regeneratorRuntime.js:44:17)
    at Generator.<anonymous> (D:\Java Script\FundoNotes\node_modules\@babel\runtime\helpers\regeneratorRuntime.js:125:22)
    at Generator.next (D:\Java Script\FundoNotes\node_modules\@babel\runtime\helpers\regeneratorRuntime.js:69:21)
    at asyncGeneratorStep (D:\Java Script\FundoNotes\node_modules\@babel\runtime\helpers\asyncToGenerator.js:3:24)
    at _next (D:\Java Script\FundoNotes\node_modules\@babel\runtime\helpers\asyncToGenerator.js:22:9)
    at D:\Java Script\FundoNotes\node_modules\@babel\runtime\helpers\asyncToGenerator.js:27:7
    at new Promise (<anonymous>)
    at D:\Java Script\FundoNotes\node_modules\@babel\runtime\helpers\asyncToGenerator.js:19:12
    at login (D:\Java Script\FundoNotes\src\controllers\/user.controller.js:100:19)
    at Layer.handle [as handle_request] (D:\Java Script\FundoNotes\node_modules\express\lib\router\layer.js:95:5)
    at next (D:\Java Script\FundoNotes\node_modules\express\lib\router\route.js:144:13)
    at Route.dispatch (D:\Java Script\FundoNotes\node_modules\express\lib\router\route.js:114:3)
    at Layer.handle [as handle_request] (D:\Java Script\FundoNotes\node_modules\express\lib\router\layer.js:95:5)
    at D:\Java Script\FundoNotes\node_modules\express\lib\router\index.js:284:15
    at Function.process_params (D:\Java Script\FundoNotes\node_modules\express\lib\router\index.js:346:12)
    at next (D:\Java Script\FundoNotes\node_modules\express\lib\router\index.js:280:10)
    at Function.handle (D:\Java Script\FundoNotes\node_modules\express\lib\router\index.js:175:3)
    at router (D:\Java Script\FundoNotes\node_modules\express\lib\router\index.js:47:12)
    at Layer.handle [as handle_request] (D:\Java Script\FundoNotes\node_modules\express\lib\router\layer.js:95:5)
    at trim_prefix (D:\Java Script\FundoNotes\node_modules\express\lib\router\index.js:328:13)
    at D:\Java Script\FundoNotes\node_modules\express\lib\router\index.js:286:9
    at Function.process_params (D:\Java Script\FundoNotes\node_modules\express\lib\router\index.js:346:12)
    at next (D:\Java Script\FundoNotes\node_modules\express\lib\router\index.js:280:10)
    at Function.handle (D:\Java Script\FundoNotes\node_modules\express\lib\router\index.js:175:3)
    at router (D:\Java Script\FundoNotes\node_modules\express\lib\router\index.js:47:12)
    at Layer.handle [as handle_request] (D:\Java Script\FundoNotes\node_modules\express\lib\router\layer.js:95:5)
    at trim_prefix (D:\Java Script\FundoNotes\node_modules\express\lib\router\index.js:328:13)
    at D:\Java Script\FundoNotes\node_modules\express\lib\router\index.js:286:9
    at Function.process_params (D:\Java Script\FundoNotes\node_modules\express\lib\router\index.js:346:12)
    at next (D:\Java Script\FundoNotes\node_modules\express\lib\router\index.js:280:10)
    at logger (D:\Java Script\FundoNotes\node_modules\morgan\index.js:144:5)
    at Layer.handle [as handle_request] (D:\Java Script\FundoNotes\node_modules\express\lib\router\layer.js:95:5)
    at trim_prefix (D:\Java Script\FundoNotes\node_modules\express\lib\router\index.js:328:13)
    at D:\Java Script\FundoNotes\node_modules\express\lib\router\index.js:286:9
    at Function.process_params (D:\Java Script\FundoNotes\node_modules\express\lib\router\index.js:346:12)
    at next (D:\Java Script\FundoNotes\node_modules\express\lib\router\index.js:280:10)
    at D:\Java Script\FundoNotes\node_modules\body-parser\lib\read.js:137:5
    at AsyncResource.runInAsyncScope (node:async_hooks:203:9)
    at invokeCallback (D:\Java Script\FundoNotes\node_modules\raw-body\index.js:231:16)
    at done (D:\Java Script\FundoNotes\node_modules\raw-body\index.js:220:7)
    at IncomingMessage.onEnd (D:\Java Script\FundoNotes\node_modules\raw-body\index.js:280:7)
    at IncomingMessage.emit (node:events:513:28)
    at IncomingMessage.emit (node:domain:489:12)
    at endReadableNT (node:internal/streams/readable:1359:12)
    at processTicksAndRejections (node:internal/process/task_queues:82:21) {"date":"Fri Jan 27 2023 01:54:52 GMT+0530 (India Standard Time)","error":{},"exception":true,"os":{"loadavg":[0,0,0],"uptime":354572},"process":{"argv":["node","D:\\Java Script\\FundoNotes\\src\\index.js"],"cwd":"D:\\Java Script\\FundoNotes","execPath":"C:\\Program Files\\nodejs\\node.exe","gid":null,"memoryUsage":{"arrayBuffers":18548237,"external":20068661,"heapTotal":94793728,"heapUsed":53815320,"rss":133447680},"pid":12840,"uid":null,"version":"v18.12.1"},"stack":"ReferenceError: joiPassword is not defined\n    at LoginValidator (D:\\Java Script\\FundoNotes\\src\\controllers\\/user.controller.js:120:15)\n    at _callee6$ (D:\\Java Script\\FundoNotes\\src\\controllers\\/user.controller.js:101:21)\n    at tryCatch (D:\\Java Script\\FundoNotes\\node_modules\\@babel\\runtime\\helpers\\regeneratorRuntime.js:44:17)\n    at Generator.<anonymous> (D:\\Java Script\\FundoNotes\\node_modules\\@babel\\runtime\\helpers\\regeneratorRuntime.js:125:22)\n    at Generator.next (D:\\Java Script\\FundoNotes\\node_modules\\@babel\\runtime\\helpers\\regeneratorRuntime.js:69:21)\n    at asyncGeneratorStep (D:\\Java Script\\FundoNotes\\node_modules\\@babel\\runtime\\helpers\\asyncToGenerator.js:3:24)\n    at _next (D:\\Java Script\\FundoNotes\\node_modules\\@babel\\runtime\\helpers\\asyncToGenerator.js:22:9)\n    at D:\\Java Script\\FundoNotes\\node_modules\\@babel\\runtime\\helpers\\asyncToGenerator.js:27:7\n    at new Promise (<anonymous>)\n    at D:\\Java Script\\FundoNotes\\node_modules\\@babel\\runtime\\helpers\\asyncToGenerator.js:19:12\n    at login (D:\\Java Script\\FundoNotes\\src\\controllers\\/user.controller.js:100:19)\n    at Layer.handle [as handle_request] (D:\\Java Script\\FundoNotes\\node_modules\\express\\lib\\router\\layer.js:95:5)\n    at next (D:\\Java Script\\FundoNotes\\node_modules\\express\\lib\\router\\route.js:144:13)\n    at Route.dispatch (D:\\Java Script\\FundoNotes\\node_modules\\express\\lib\\router\\route.js:114:3)\n    at Layer.handle [as handle_request] (D:\\Java Script\\FundoNotes\\node_modules\\express\\lib\\router\\layer.js:95:5)\n    at D:\\Java Script\\FundoNotes\\node_modules\\express\\lib\\router\\index.js:284:15\n    at Function.process_params (D:\\Java Script\\FundoNotes\\node_modules\\express\\lib\\router\\index.js:346:12)\n    at next (D:\\Java Script\\FundoNotes\\node_modules\\express\\lib\\router\\index.js:280:10)\n    at Function.handle (D:\\Java Script\\FundoNotes\\node_modules\\express\\lib\\router\\index.js:175:3)\n    at router (D:\\Java Script\\FundoNotes\\node_modules\\express\\lib\\router\\index.js:47:12)\n    at Layer.handle [as handle_request] (D:\\Java Script\\FundoNotes\\node_modules\\express\\lib\\router\\layer.js:95:5)\n    at trim_prefix (D:\\Java Script\\FundoNotes\\node_modules\\express\\lib\\router\\index.js:328:13)\n    at D:\\Java Script\\FundoNotes\\node_modules\\express\\lib\\router\\index.js:286:9\n    at Function.process_params (D:\\Java Script\\FundoNotes\\node_modules\\express\\lib\\router\\index.js:346:12)\n    at next (D:\\Java Script\\FundoNotes\\node_modules\\express\\lib\\router\\index.js:280:10)\n    at Function.handle (D:\\Java Script\\FundoNotes\\node_modules\\express\\lib\\router\\index.js:175:3)\n    at router (D:\\Java Script\\FundoNotes\\node_modules\\express\\lib\\router\\index.js:47:12)\n    at Layer.handle [as handle_request] (D:\\Java Script\\FundoNotes\\node_modules\\express\\lib\\router\\layer.js:95:5)\n    at trim_prefix (D:\\Java Script\\FundoNotes\\node_modules\\express\\lib\\router\\index.js:328:13)\n    at D:\\Java Script\\FundoNotes\\node_modules\\express\\lib\\router\\index.js:286:9\n    at Function.process_params (D:\\Java Script\\FundoNotes\\node_modules\\express\\lib\\router\\index.js:346:12)\n    at next (D:\\Java Script\\FundoNotes\\node_modules\\express\\lib\\router\\index.js:280:10)\n    at logger (D:\\Java Script\\FundoNotes\\node_modules\\morgan\\index.js:144:5)\n    at Layer.handle [as handle_request] (D:\\Java Script\\FundoNotes\\node_modules\\express\\lib\\router\\layer.js:95:5)\n    at trim_prefix (D:\\Java Script\\FundoNotes\\node_modules\\express\\lib\\router\\index.js:328:13)\n    at D:\\Java Script\\FundoNotes\\node_modules\\express\\lib\\router\\index.js:286:9\n    at Function.process_params (D:\\Java Script\\FundoNotes\\node_modules\\express\\lib\\router\\index.js:346:12)\n    at next (D:\\Java Script\\FundoNotes\\node_modules\\express\\lib\\router\\index.js:280:10)\n    at D:\\Java Script\\FundoNotes\\node_modules\\body-parser\\lib\\read.js:137:5\n    at AsyncResource.runInAsyncScope (node:async_hooks:203:9)\n    at invokeCallback (D:\\Java Script\\FundoNotes\\node_modules\\raw-body\\index.js:231:16)\n    at done (D:\\Java Script\\FundoNotes\\node_modules\\raw-body\\index.js:220:7)\n    at IncomingMessage.onEnd (D:\\Java Script\\FundoNotes\\node_modules\\raw-body\\index.js:280:7)\n    at IncomingMessage.emit (node:events:513:28)\n    at IncomingMessage.emit (node:domain:489:12)\n    at endReadableNT (node:internal/streams/readable:1359:12)\n    at processTicksAndRejections (node:internal/process/task_queues:82:21)","trace":[{"column":15,"file":"D:\\Java Script\\FundoNotes\\src\\controllers\\/user.controller.js","function":"LoginValidator","line":120,"method":null,"native":false},{"column":21,"file":"D:\\Java Script\\FundoNotes\\src\\controllers\\/user.controller.js","function":"_callee6$","line":101,"method":null,"native":false},{"column":17,"file":"D:\\Java Script\\FundoNotes\\node_modules\\@babel\\runtime\\helpers\\regeneratorRuntime.js","function":"tryCatch","line":44,"method":null,"native":false},{"column":22,"file":"D:\\Java Script\\FundoNotes\\node_modules\\@babel\\runtime\\helpers\\regeneratorRuntime.js","function":null,"line":125,"method":null,"native":false},{"column":21,"file":"D:\\Java Script\\FundoNotes\\node_modules\\@babel\\runtime\\helpers\\regeneratorRuntime.js","function":"Generator.next","line":69,"method":"next","native":false},{"column":24,"file":"D:\\Java Script\\FundoNotes\\node_modules\\@babel\\runtime\\helpers\\asyncToGenerator.js","function":"asyncGeneratorStep","line":3,"method":null,"native":false},{"column":9,"file":"D:\\Java Script\\FundoNotes\\node_modules\\@babel\\runtime\\helpers\\asyncToGenerator.js","function":"_next","line":22,"method":null,"native":false},{"column":7,"file":"D:\\Java Script\\FundoNotes\\node_modules\\@babel\\runtime\\helpers\\asyncToGenerator.js","function":null,"line":27,"method":null,"native":false},{"column":null,"file":null,"function":"new Promise","line":null,"method":null,"native":false},{"column":12,"file":"D:\\Java Script\\FundoNotes\\node_modules\\@babel\\runtime\\helpers\\asyncToGenerator.js","function":null,"line":19,"method":null,"native":false},{"column":19,"file":"D:\\Java Script\\FundoNotes\\src\\controllers\\/user.controller.js","function":"login","line":100,"method":null,"native":false},{"column":5,"file":"D:\\Java Script\\FundoNotes\\node_modules\\express\\lib\\router\\layer.js","function":"Layer.handle [as handle_request]","line":95,"method":"handle [as handle_request]","native":false},{"column":13,"file":"D:\\Java Script\\FundoNotes\\node_modules\\express\\lib\\router\\route.js","function":"next","line":144,"method":null,"native":false},{"column":3,"file":"D:\\Java Script\\FundoNotes\\node_modules\\express\\lib\\router\\route.js","function":"Route.dispatch","line":114,"method":"dispatch","native":false},{"column":5,"file":"D:\\Java Script\\FundoNotes\\node_modules\\express\\lib\\router\\layer.js","function":"Layer.handle [as handle_request]","line":95,"method":"handle [as handle_request]","native":false},{"column":15,"file":"D:\\Java Script\\FundoNotes\\node_modules\\express\\lib\\router\\index.js","function":null,"line":284,"method":null,"native":false},{"column":12,"file":"D:\\Java Script\\FundoNotes\\node_modules\\express\\lib\\router\\index.js","function":"Function.process_params","line":346,"method":"process_params","native":false},{"column":10,"file":"D:\\Java Script\\FundoNotes\\node_modules\\express\\lib\\router\\index.js","function":"next","line":280,"method":null,"native":false},{"column":3,"file":"D:\\Java Script\\FundoNotes\\node_modules\\express\\lib\\router\\index.js","function":"Function.handle","line":175,"method":"handle","native":false},{"column":12,"file":"D:\\Java Script\\FundoNotes\\node_modules\\express\\lib\\router\\index.js","function":"router","line":47,"method":null,"native":false},{"column":5,"file":"D:\\Java Script\\FundoNotes\\node_modules\\express\\lib\\router\\layer.js","function":"Layer.handle [as handle_request]","line":95,"method":"handle [as handle_request]","native":false},{"column":13,"file":"D:\\Java Script\\FundoNotes\\node_modules\\express\\lib\\router\\index.js","function":"trim_prefix","line":328,"method":null,"native":false},{"column":9,"file":"D:\\Java Script\\FundoNotes\\node_modules\\express\\lib\\router\\index.js","function":null,"line":286,"method":null,"native":false},{"column":12,"file":"D:\\Java Script\\FundoNotes\\node_modules\\express\\lib\\router\\index.js","function":"Function.process_params","line":346,"method":"process_params","native":false},{"column":10,"file":"D:\\Java Script\\FundoNotes\\node_modules\\express\\lib\\router\\index.js","function":"next","line":280,"method":null,"native":false},{"column":3,"file":"D:\\Java Script\\FundoNotes\\node_modules\\express\\lib\\router\\index.js","function":"Function.handle","line":175,"method":"handle","native":false},{"column":12,"file":"D:\\Java Script\\FundoNotes\\node_modules\\express\\lib\\router\\index.js","function":"router","line":47,"method":null,"native":false},{"column":5,"file":"D:\\Java Script\\FundoNotes\\node_modules\\express\\lib\\router\\layer.js","function":"Layer.handle [as handle_request]","line":95,"method":"handle [as handle_request]","native":false},{"column":13,"file":"D:\\Java Script\\FundoNotes\\node_modules\\express\\lib\\router\\index.js","function":"trim_prefix","line":328,"method":null,"native":false},{"column":9,"file":"D:\\Java Script\\FundoNotes\\node_modules\\express\\lib\\router\\index.js","function":null,"line":286,"method":null,"native":false},{"column":12,"file":"D:\\Java Script\\FundoNotes\\node_modules\\express\\lib\\router\\index.js","function":"Function.process_params","line":346,"method":"process_params","native":false},{"column":10,"file":"D:\\Java Script\\FundoNotes\\node_modules\\express\\lib\\router\\index.js","function":"next","line":280,"method":null,"native":false},{"column":5,"file":"D:\\Java Script\\FundoNotes\\node_modules\\morgan\\index.js","function":"logger","line":144,"method":null,"native":false},{"column":5,"file":"D:\\Java Script\\FundoNotes\\node_modules\\express\\lib\\router\\layer.js","function":"Layer.handle [as handle_request]","line":95,"method":"handle [as handle_request]","native":false},{"column":13,"file":"D:\\Java Script\\FundoNotes\\node_modules\\express\\lib\\router\\index.js","function":"trim_prefix","line":328,"method":null,"native":false},{"column":9,"file":"D:\\Java Script\\FundoNotes\\node_modules\\express\\lib\\router\\index.js","function":null,"line":286,"method":null,"native":false},{"column":12,"file":"D:\\Java Script\\FundoNotes\\node_modules\\express\\lib\\router\\index.js","function":"Function.process_params","line":346,"method":"process_params","native":false},{"column":10,"file":"D:\\Java Script\\FundoNotes\\node_modules\\express\\lib\\router\\index.js","function":"next","line":280,"method":null,"native":false},{"column":5,"file":"D:\\Java Script\\FundoNotes\\node_modules\\body-parser\\lib\\read.js","function":null,"line":137,"method":null,"native":false},{"column":9,"file":"node:async_hooks","function":"AsyncResource.runInAsyncScope","line":203,"method":"runInAsyncScope","native":false},{"column":16,"file":"D:\\Java Script\\FundoNotes\\node_modules\\raw-body\\index.js","function":"invokeCallback","line":231,"method":null,"native":false},{"column":7,"file":"D:\\Java Script\\FundoNotes\\node_modules\\raw-body\\index.js","function":"done","line":220,"method":null,"native":false},{"column":7,"file":"D:\\Java Script\\FundoNotes\\node_modules\\raw-body\\index.js","function":"IncomingMessage.onEnd","line":280,"method":"onEnd","native":false},{"column":28,"file":"node:events","function":"IncomingMessage.emit","line":513,"method":"emit","native":false},{"column":12,"file":"node:domain","function":"IncomingMessage.emit","line":489,"method":"emit","native":false},{"column":12,"file":"node:internal/streams/readable","function":"endReadableNT","line":1359,"method":null,"native":false},{"column":21,"file":"node:internal/process/task_queues","function":"processTicksAndRejections","line":82,"method":null,"native":false}]}
info: ::1 - - [26/Jan/2023:20:27:04 +0000] "POST /api/v1/login/log HTTP/1.1" 200 39 "-" "PostmanRuntime/7.30.0"

error: uncaughtException: Invalid status code: Login Succesfull
RangeError: Invalid status code: Login Succesfull
    at new NodeError (node:internal/errors:393:5)
    at ServerResponse.writeHead (node:_http_server:343:11)
    at ServerResponse.writeHead (D:\Java Script\FundoNotes\node_modules\on-headers\index.js:44:26)
    at ServerResponse._implicitHeader (node:_http_server:334:8)
    at write_ (node:_http_outgoing:867:9)
    at ServerResponse.end (node:_http_outgoing:977:5)
    at ServerResponse.send (D:\Java Script\FundoNotes\node_modules\express\lib\response.js:232:10)
    at ServerResponse.json (D:\Java Script\FundoNotes\node_modules\express\lib\response.js:278:15)
    at ServerResponse.send (D:\Java Script\FundoNotes\node_modules\express\lib\response.js:162:21)
    at _callee6$ (D:\Java Script\FundoNotes\src\controllers\/user.controller.js:113:6)
    at tryCatch (D:\Java Script\FundoNotes\node_modules\@babel\runtime\helpers\regeneratorRuntime.js:44:17)
    at Generator.<anonymous> (D:\Java Script\FundoNotes\node_modules\@babel\runtime\helpers\regeneratorRuntime.js:125:22)
    at Generator.next (D:\Java Script\FundoNotes\node_modules\@babel\runtime\helpers\regeneratorRuntime.js:69:21)
    at asyncGeneratorStep (D:\Java Script\FundoNotes\node_modules\@babel\runtime\helpers\asyncToGenerator.js:3:24)
    at _next (D:\Java Script\FundoNotes\node_modules\@babel\runtime\helpers\asyncToGenerator.js:22:9)
    at processTicksAndRejections (node:internal/process/task_queues:95:5) {"date":"Fri Jan 27 2023 01:57:39 GMT+0530 (India Standard Time)","error":{"code":"ERR_HTTP_INVALID_STATUS_CODE"},"exception":true,"os":{"loadavg":[0,0,0],"uptime":354738},"process":{"argv":["node","D:\\Java Script\\FundoNotes\\src\\index.js"],"cwd":"D:\\Java Script\\FundoNotes","execPath":"C:\\Program Files\\nodejs\\node.exe","gid":null,"memoryUsage":{"arrayBuffers":18824968,"external":20344665,"heapTotal":92676096,"heapUsed":55842472,"rss":132411392},"pid":19620,"uid":null,"version":"v18.12.1"},"stack":"RangeError: Invalid status code: Login Succesfull\n    at new NodeError (node:internal/errors:393:5)\n    at ServerResponse.writeHead (node:_http_server:343:11)\n    at ServerResponse.writeHead (D:\\Java Script\\FundoNotes\\node_modules\\on-headers\\index.js:44:26)\n    at ServerResponse._implicitHeader (node:_http_server:334:8)\n    at write_ (node:_http_outgoing:867:9)\n    at ServerResponse.end (node:_http_outgoing:977:5)\n    at ServerResponse.send (D:\\Java Script\\FundoNotes\\node_modules\\express\\lib\\response.js:232:10)\n    at ServerResponse.json (D:\\Java Script\\FundoNotes\\node_modules\\express\\lib\\response.js:278:15)\n    at ServerResponse.send (D:\\Java Script\\FundoNotes\\node_modules\\express\\lib\\response.js:162:21)\n    at _callee6$ (D:\\Java Script\\FundoNotes\\src\\controllers\\/user.controller.js:113:6)\n    at tryCatch (D:\\Java Script\\FundoNotes\\node_modules\\@babel\\runtime\\helpers\\regeneratorRuntime.js:44:17)\n    at Generator.<anonymous> (D:\\Java Script\\FundoNotes\\node_modules\\@babel\\runtime\\helpers\\regeneratorRuntime.js:125:22)\n    at Generator.next (D:\\Java Script\\FundoNotes\\node_modules\\@babel\\runtime\\helpers\\regeneratorRuntime.js:69:21)\n    at asyncGeneratorStep (D:\\Java Script\\FundoNotes\\node_modules\\@babel\\runtime\\helpers\\asyncToGenerator.js:3:24)\n    at _next (D:\\Java Script\\FundoNotes\\node_modules\\@babel\\runtime\\helpers\\asyncToGenerator.js:22:9)\n    at processTicksAndRejections (node:internal/process/task_queues:95:5)","trace":[{"column":5,"file":"node:internal/errors","function":"new NodeError","line":393,"method":null,"native":false},{"column":11,"file":"node:_http_server","function":"ServerResponse.writeHead","line":343,"method":"writeHead","native":false},{"column":26,"file":"D:\\Java Script\\FundoNotes\\node_modules\\on-headers\\index.js","function":"ServerResponse.writeHead","line":44,"method":"writeHead","native":false},{"column":8,"file":"node:_http_server","function":"ServerResponse._implicitHeader","line":334,"method":"_implicitHeader","native":false},{"column":9,"file":"node:_http_outgoing","function":"write_","line":867,"method":null,"native":false},{"column":5,"file":"node:_http_outgoing","function":"ServerResponse.end","line":977,"method":"end","native":false},{"column":10,"file":"D:\\Java Script\\FundoNotes\\node_modules\\express\\lib\\response.js","function":"ServerResponse.send","line":232,"method":"send","native":false},{"column":15,"file":"D:\\Java Script\\FundoNotes\\node_modules\\express\\lib\\response.js","function":"ServerResponse.json","line":278,"method":"json","native":false},{"column":21,"file":"D:\\Java Script\\FundoNotes\\node_modules\\express\\lib\\response.js","function":"ServerResponse.send","line":162,"method":"send","native":false},{"column":6,"file":"D:\\Java Script\\FundoNotes\\src\\controllers\\/user.controller.js","function":"_callee6$","line":113,"method":null,"native":false},{"column":17,"file":"D:\\Java Script\\FundoNotes\\node_modules\\@babel\\runtime\\helpers\\regeneratorRuntime.js","function":"tryCatch","line":44,"method":null,"native":false},{"column":22,"file":"D:\\Java Script\\FundoNotes\\node_modules\\@babel\\runtime\\helpers\\regeneratorRuntime.js","function":null,"line":125,"method":null,"native":false},{"column":21,"file":"D:\\Java Script\\FundoNotes\\node_modules\\@babel\\runtime\\helpers\\regeneratorRuntime.js","function":"Generator.next","line":69,"method":"next","native":false},{"column":24,"file":"D:\\Java Script\\FundoNotes\\node_modules\\@babel\\runtime\\helpers\\asyncToGenerator.js","function":"asyncGeneratorStep","line":3,"method":null,"native":false},{"column":9,"file":"D:\\Java Script\\FundoNotes\\node_modules\\@babel\\runtime\\helpers\\asyncToGenerator.js","function":"_next","line":22,"method":null,"native":false},{"column":5,"file":"node:internal/process/task_queues","function":"processTicksAndRejections","line":95,"method":null,"native":false}]}
info: ::1 - - [26/Jan/2023:20:28:15 +0000] "POST /api/v1/login/log HTTP/1.1" 200 16 "-" "PostmanRuntime/7.30.0"

error: uncaughtException: Invalid status code: Login Succesfull
RangeError: Invalid status code: Login Succesfull
    at new NodeError (node:internal/errors:393:5)
    at ServerResponse.writeHead (node:_http_server:343:11)
    at ServerResponse.writeHead (D:\Java Script\FundoNotes\node_modules\on-headers\index.js:44:26)
    at ServerResponse._implicitHeader (node:_http_server:334:8)
    at write_ (node:_http_outgoing:867:9)
    at ServerResponse.end (node:_http_outgoing:977:5)
    at ServerResponse.send (D:\Java Script\FundoNotes\node_modules\express\lib\response.js:232:10)
    at ServerResponse.json (D:\Java Script\FundoNotes\node_modules\express\lib\response.js:278:15)
    at ServerResponse.send (D:\Java Script\FundoNotes\node_modules\express\lib\response.js:162:21)
    at _callee6$ (D:\Java Script\FundoNotes\src\controllers\/user.controller.js:113:6)
    at tryCatch (D:\Java Script\FundoNotes\node_modules\@babel\runtime\helpers\regeneratorRuntime.js:44:17)
    at Generator.<anonymous> (D:\Java Script\FundoNotes\node_modules\@babel\runtime\helpers\regeneratorRuntime.js:125:22)
    at Generator.next (D:\Java Script\FundoNotes\node_modules\@babel\runtime\helpers\regeneratorRuntime.js:69:21)
    at asyncGeneratorStep (D:\Java Script\FundoNotes\node_modules\@babel\runtime\helpers\asyncToGenerator.js:3:24)
    at _next (D:\Java Script\FundoNotes\node_modules\@babel\runtime\helpers\asyncToGenerator.js:22:9)
    at processTicksAndRejections (node:internal/process/task_queues:95:5) {"date":"Fri Jan 27 2023 01:58:43 GMT+0530 (India Standard Time)","error":{"code":"ERR_HTTP_INVALID_STATUS_CODE"},"exception":true,"os":{"loadavg":[0,0,0],"uptime":354802},"process":{"argv":["node","D:\\Java Script\\FundoNotes\\src\\index.js"],"cwd":"D:\\Java Script\\FundoNotes","execPath":"C:\\Program Files\\nodejs\\node.exe","gid":null,"memoryUsage":{"arrayBuffers":18475841,"external":19996265,"heapTotal":95580160,"heapUsed":53379728,"rss":134008832},"pid":20332,"uid":null,"version":"v18.12.1"},"stack":"RangeError: Invalid status code: Login Succesfull\n    at new NodeError (node:internal/errors:393:5)\n    at ServerResponse.writeHead (node:_http_server:343:11)\n    at ServerResponse.writeHead (D:\\Java Script\\FundoNotes\\node_modules\\on-headers\\index.js:44:26)\n    at ServerResponse._implicitHeader (node:_http_server:334:8)\n    at write_ (node:_http_outgoing:867:9)\n    at ServerResponse.end (node:_http_outgoing:977:5)\n    at ServerResponse.send (D:\\Java Script\\FundoNotes\\node_modules\\express\\lib\\response.js:232:10)\n    at ServerResponse.json (D:\\Java Script\\FundoNotes\\node_modules\\express\\lib\\response.js:278:15)\n    at ServerResponse.send (D:\\Java Script\\FundoNotes\\node_modules\\express\\lib\\response.js:162:21)\n    at _callee6$ (D:\\Java Script\\FundoNotes\\src\\controllers\\/user.controller.js:113:6)\n    at tryCatch (D:\\Java Script\\FundoNotes\\node_modules\\@babel\\runtime\\helpers\\regeneratorRuntime.js:44:17)\n    at Generator.<anonymous> (D:\\Java Script\\FundoNotes\\node_modules\\@babel\\runtime\\helpers\\regeneratorRuntime.js:125:22)\n    at Generator.next (D:\\Java Script\\FundoNotes\\node_modules\\@babel\\runtime\\helpers\\regeneratorRuntime.js:69:21)\n    at asyncGeneratorStep (D:\\Java Script\\FundoNotes\\node_modules\\@babel\\runtime\\helpers\\asyncToGenerator.js:3:24)\n    at _next (D:\\Java Script\\FundoNotes\\node_modules\\@babel\\runtime\\helpers\\asyncToGenerator.js:22:9)\n    at processTicksAndRejections (node:internal/process/task_queues:95:5)","trace":[{"column":5,"file":"node:internal/errors","function":"new NodeError","line":393,"method":null,"native":false},{"column":11,"file":"node:_http_server","function":"ServerResponse.writeHead","line":343,"method":"writeHead","native":false},{"column":26,"file":"D:\\Java Script\\FundoNotes\\node_modules\\on-headers\\index.js","function":"ServerResponse.writeHead","line":44,"method":"writeHead","native":false},{"column":8,"file":"node:_http_server","function":"ServerResponse._implicitHeader","line":334,"method":"_implicitHeader","native":false},{"column":9,"file":"node:_http_outgoing","function":"write_","line":867,"method":null,"native":false},{"column":5,"file":"node:_http_outgoing","function":"ServerResponse.end","line":977,"method":"end","native":false},{"column":10,"file":"D:\\Java Script\\FundoNotes\\node_modules\\express\\lib\\response.js","function":"ServerResponse.send","line":232,"method":"send","native":false},{"column":15,"file":"D:\\Java Script\\FundoNotes\\node_modules\\express\\lib\\response.js","function":"ServerResponse.json","line":278,"method":"json","native":false},{"column":21,"file":"D:\\Java Script\\FundoNotes\\node_modules\\express\\lib\\response.js","function":"ServerResponse.send","line":162,"method":"send","native":false},{"column":6,"file":"D:\\Java Script\\FundoNotes\\src\\controllers\\/user.controller.js","function":"_callee6$","line":113,"method":null,"native":false},{"column":17,"file":"D:\\Java Script\\FundoNotes\\node_modules\\@babel\\runtime\\helpers\\regeneratorRuntime.js","function":"tryCatch","line":44,"method":null,"native":false},{"column":22,"file":"D:\\Java Script\\FundoNotes\\node_modules\\@babel\\runtime\\helpers\\regeneratorRuntime.js","function":null,"line":125,"method":null,"native":false},{"column":21,"file":"D:\\Java Script\\FundoNotes\\node_modules\\@babel\\runtime\\helpers\\regeneratorRuntime.js","function":"Generator.next","line":69,"method":"next","native":false},{"column":24,"file":"D:\\Java Script\\FundoNotes\\node_modules\\@babel\\runtime\\helpers\\asyncToGenerator.js","function":"asyncGeneratorStep","line":3,"method":null,"native":false},{"column":9,"file":"D:\\Java Script\\FundoNotes\\node_modules\\@babel\\runtime\\helpers\\asyncToGenerator.js","function":"_next","line":22,"method":null,"native":false},{"column":5,"file":"node:internal/process/task_queues","function":"processTicksAndRejections","line":95,"method":null,"native":false}]}
info: ::1 - - [26/Jan/2023:20:31:15 +0000] "POST /api/v1/login/log HTTP/1.1" 500 5 "-" "PostmanRuntime/7.30.0"

info: ::1 - - [26/Jan/2023:20:31:34 +0000] "POST /api/v1/login/log HTTP/1.1" 200 16 "-" "PostmanRuntime/7.30.0"

info: ::1 - - [26/Jan/2023:20:32:22 +0000] "POST /api/v1/login/log HTTP/1.1" 200 16 "-" "PostmanRuntime/7.30.0"

info: ::1 - - [26/Jan/2023:20:33:44 +0000] "POST /api/v1/login/log HTTP/1.1" 200 249 "-" "PostmanRuntime/7.30.0"

info: ::1 - - [26/Jan/2023:20:38:00 +0000] "POST /api/v1/login/log HTTP/1.1" 500 5 "-" "PostmanRuntime/7.30.0"

info: ::1 - - [26/Jan/2023:20:39:00 +0000] "POST /api/v1/login/log HTTP/1.1" 200 409 "-" "PostmanRuntime/7.30.0"

info: ::1 - - [26/Jan/2023:20:44:14 +0000] "POST /api/v1/users HTTP/1.1" 404 47 "-" "PostmanRuntime/7.30.0"

info: ::1 - - [26/Jan/2023:20:44:37 +0000] "POST /api/v1/users/register HTTP/1.1" 500 60 "-" "PostmanRuntime/7.30.0"

info: ::1 - - [26/Jan/2023:20:44:54 +0000] "POST /api/v1/users/register HTTP/1.1" 500 61 "-" "PostmanRuntime/7.30.0"

info: ::1 - - [26/Jan/2023:20:46:37 +0000] "POST /api/v1/users/register HTTP/1.1" 500 56 "-" "PostmanRuntime/7.30.0"

info: ::1 - - [26/Jan/2023:20:47:16 +0000] "POST /api/v1/users/register HTTP/1.1" 201 319 "-" "PostmanRuntime/7.30.0"

info: ::1 - - [26/Jan/2023:20:48:08 +0000] "POST /api/v1/login/log HTTP/1.1" 200 459 "-" "PostmanRuntime/7.30.0"

info: ::1 - - [26/Jan/2023:20:49:05 +0000] "POST /api/v1/login/log HTTP/1.1" 200 459 "-" "PostmanRuntime/7.30.0"

info: ::1 - - [26/Jan/2023:20:49:15 +0000] "POST /api/v1/login/log HTTP/1.1" 422 25 "-" "PostmanRuntime/7.30.0"

info: ::1 - - [26/Jan/2023:20:49:49 +0000] "POST /api/v1/login/log HTTP/1.1" 422 25 "-" "PostmanRuntime/7.30.0"

error: uncaughtException: (0 , _user3.default) is not a function
TypeError: (0 , _user3.default) is not a function
    at _callee6$ (D:\Java Script\FundoNotes\src\controllers\/user.controller.js:103:35)
    at tryCatch (D:\Java Script\FundoNotes\node_modules\@babel\runtime\helpers\regeneratorRuntime.js:44:17)
    at Generator.<anonymous> (D:\Java Script\FundoNotes\node_modules\@babel\runtime\helpers\regeneratorRuntime.js:125:22)
    at Generator.next (D:\Java Script\FundoNotes\node_modules\@babel\runtime\helpers\regeneratorRuntime.js:69:21)
    at asyncGeneratorStep (D:\Java Script\FundoNotes\node_modules\@babel\runtime\helpers\asyncToGenerator.js:3:24)
    at _next (D:\Java Script\FundoNotes\node_modules\@babel\runtime\helpers\asyncToGenerator.js:22:9)
    at D:\Java Script\FundoNotes\node_modules\@babel\runtime\helpers\asyncToGenerator.js:27:7
    at new Promise (<anonymous>)
    at D:\Java Script\FundoNotes\node_modules\@babel\runtime\helpers\asyncToGenerator.js:19:12
    at login (D:\Java Script\FundoNotes\src\controllers\/user.controller.js:102:19)
    at Layer.handle [as handle_request] (D:\Java Script\FundoNotes\node_modules\express\lib\router\layer.js:95:5)
    at next (D:\Java Script\FundoNotes\node_modules\express\lib\router\route.js:144:13)
    at Route.dispatch (D:\Java Script\FundoNotes\node_modules\express\lib\router\route.js:114:3)
    at Layer.handle [as handle_request] (D:\Java Script\FundoNotes\node_modules\express\lib\router\layer.js:95:5)
    at D:\Java Script\FundoNotes\node_modules\express\lib\router\index.js:284:15
    at Function.process_params (D:\Java Script\FundoNotes\node_modules\express\lib\router\index.js:346:12)
    at next (D:\Java Script\FundoNotes\node_modules\express\lib\router\index.js:280:10)
    at Function.handle (D:\Java Script\FundoNotes\node_modules\express\lib\router\index.js:175:3)
    at router (D:\Java Script\FundoNotes\node_modules\express\lib\router\index.js:47:12)
    at Layer.handle [as handle_request] (D:\Java Script\FundoNotes\node_modules\express\lib\router\layer.js:95:5)
    at trim_prefix (D:\Java Script\FundoNotes\node_modules\express\lib\router\index.js:328:13)
    at D:\Java Script\FundoNotes\node_modules\express\lib\router\index.js:286:9
    at Function.process_params (D:\Java Script\FundoNotes\node_modules\express\lib\router\index.js:346:12)
    at next (D:\Java Script\FundoNotes\node_modules\express\lib\router\index.js:280:10)
    at Function.handle (D:\Java Script\FundoNotes\node_modules\express\lib\router\index.js:175:3)
    at router (D:\Java Script\FundoNotes\node_modules\express\lib\router\index.js:47:12)
    at Layer.handle [as handle_request] (D:\Java Script\FundoNotes\node_modules\express\lib\router\layer.js:95:5)
    at trim_prefix (D:\Java Script\FundoNotes\node_modules\express\lib\router\index.js:328:13)
    at D:\Java Script\FundoNotes\node_modules\express\lib\router\index.js:286:9
    at Function.process_params (D:\Java Script\FundoNotes\node_modules\express\lib\router\index.js:346:12)
    at next (D:\Java Script\FundoNotes\node_modules\express\lib\router\index.js:280:10)
    at logger (D:\Java Script\FundoNotes\node_modules\morgan\index.js:144:5)
    at Layer.handle [as handle_request] (D:\Java Script\FundoNotes\node_modules\express\lib\router\layer.js:95:5)
    at trim_prefix (D:\Java Script\FundoNotes\node_modules\express\lib\router\index.js:328:13)
    at D:\Java Script\FundoNotes\node_modules\express\lib\router\index.js:286:9
    at Function.process_params (D:\Java Script\FundoNotes\node_modules\express\lib\router\index.js:346:12)
    at next (D:\Java Script\FundoNotes\node_modules\express\lib\router\index.js:280:10)
    at D:\Java Script\FundoNotes\node_modules\body-parser\lib\read.js:137:5
    at AsyncResource.runInAsyncScope (node:async_hooks:203:9)
    at invokeCallback (D:\Java Script\FundoNotes\node_modules\raw-body\index.js:231:16)
    at done (D:\Java Script\FundoNotes\node_modules\raw-body\index.js:220:7)
    at IncomingMessage.onEnd (D:\Java Script\FundoNotes\node_modules\raw-body\index.js:280:7)
    at IncomingMessage.emit (node:events:513:28)
    at IncomingMessage.emit (node:domain:489:12)
    at endReadableNT (node:internal/streams/readable:1359:12)
    at processTicksAndRejections (node:internal/process/task_queues:82:21) {"date":"Fri Jan 27 2023 02:20:20 GMT+0530 (India Standard Time)","error":{},"exception":true,"os":{"loadavg":[0,0,0],"uptime":356099},"process":{"argv":["node","D:\\Java Script\\FundoNotes\\src\\index.js"],"cwd":"D:\\Java Script\\FundoNotes","execPath":"C:\\Program Files\\nodejs\\node.exe","gid":null,"memoryUsage":{"arrayBuffers":18788728,"external":20308425,"heapTotal":95830016,"heapUsed":54867264,"rss":134881280},"pid":11000,"uid":null,"version":"v18.12.1"},"stack":"TypeError: (0 , _user3.default) is not a function\n    at _callee6$ (D:\\Java Script\\FundoNotes\\src\\controllers\\/user.controller.js:103:35)\n    at tryCatch (D:\\Java Script\\FundoNotes\\node_modules\\@babel\\runtime\\helpers\\regeneratorRuntime.js:44:17)\n    at Generator.<anonymous> (D:\\Java Script\\FundoNotes\\node_modules\\@babel\\runtime\\helpers\\regeneratorRuntime.js:125:22)\n    at Generator.next (D:\\Java Script\\FundoNotes\\node_modules\\@babel\\runtime\\helpers\\regeneratorRuntime.js:69:21)\n    at asyncGeneratorStep (D:\\Java Script\\FundoNotes\\node_modules\\@babel\\runtime\\helpers\\asyncToGenerator.js:3:24)\n    at _next (D:\\Java Script\\FundoNotes\\node_modules\\@babel\\runtime\\helpers\\asyncToGenerator.js:22:9)\n    at D:\\Java Script\\FundoNotes\\node_modules\\@babel\\runtime\\helpers\\asyncToGenerator.js:27:7\n    at new Promise (<anonymous>)\n    at D:\\Java Script\\FundoNotes\\node_modules\\@babel\\runtime\\helpers\\asyncToGenerator.js:19:12\n    at login (D:\\Java Script\\FundoNotes\\src\\controllers\\/user.controller.js:102:19)\n    at Layer.handle [as handle_request] (D:\\Java Script\\FundoNotes\\node_modules\\express\\lib\\router\\layer.js:95:5)\n    at next (D:\\Java Script\\FundoNotes\\node_modules\\express\\lib\\router\\route.js:144:13)\n    at Route.dispatch (D:\\Java Script\\FundoNotes\\node_modules\\express\\lib\\router\\route.js:114:3)\n    at Layer.handle [as handle_request] (D:\\Java Script\\FundoNotes\\node_modules\\express\\lib\\router\\layer.js:95:5)\n    at D:\\Java Script\\FundoNotes\\node_modules\\express\\lib\\router\\index.js:284:15\n    at Function.process_params (D:\\Java Script\\FundoNotes\\node_modules\\express\\lib\\router\\index.js:346:12)\n    at next (D:\\Java Script\\FundoNotes\\node_modules\\express\\lib\\router\\index.js:280:10)\n    at Function.handle (D:\\Java Script\\FundoNotes\\node_modules\\express\\lib\\router\\index.js:175:3)\n    at router (D:\\Java Script\\FundoNotes\\node_modules\\express\\lib\\router\\index.js:47:12)\n    at Layer.handle [as handle_request] (D:\\Java Script\\FundoNotes\\node_modules\\express\\lib\\router\\layer.js:95:5)\n    at trim_prefix (D:\\Java Script\\FundoNotes\\node_modules\\express\\lib\\router\\index.js:328:13)\n    at D:\\Java Script\\FundoNotes\\node_modules\\express\\lib\\router\\index.js:286:9\n    at Function.process_params (D:\\Java Script\\FundoNotes\\node_modules\\express\\lib\\router\\index.js:346:12)\n    at next (D:\\Java Script\\FundoNotes\\node_modules\\express\\lib\\router\\index.js:280:10)\n    at Function.handle (D:\\Java Script\\FundoNotes\\node_modules\\express\\lib\\router\\index.js:175:3)\n    at router (D:\\Java Script\\FundoNotes\\node_modules\\express\\lib\\router\\index.js:47:12)\n    at Layer.handle [as handle_request] (D:\\Java Script\\FundoNotes\\node_modules\\express\\lib\\router\\layer.js:95:5)\n    at trim_prefix (D:\\Java Script\\FundoNotes\\node_modules\\express\\lib\\router\\index.js:328:13)\n    at D:\\Java Script\\FundoNotes\\node_modules\\express\\lib\\router\\index.js:286:9\n    at Function.process_params (D:\\Java Script\\FundoNotes\\node_modules\\express\\lib\\router\\index.js:346:12)\n    at next (D:\\Java Script\\FundoNotes\\node_modules\\express\\lib\\router\\index.js:280:10)\n    at logger (D:\\Java Script\\FundoNotes\\node_modules\\morgan\\index.js:144:5)\n    at Layer.handle [as handle_request] (D:\\Java Script\\FundoNotes\\node_modules\\express\\lib\\router\\layer.js:95:5)\n    at trim_prefix (D:\\Java Script\\FundoNotes\\node_modules\\express\\lib\\router\\index.js:328:13)\n    at D:\\Java Script\\FundoNotes\\node_modules\\express\\lib\\router\\index.js:286:9\n    at Function.process_params (D:\\Java Script\\FundoNotes\\node_modules\\express\\lib\\router\\index.js:346:12)\n    at next (D:\\Java Script\\FundoNotes\\node_modules\\express\\lib\\router\\index.js:280:10)\n    at D:\\Java Script\\FundoNotes\\node_modules\\body-parser\\lib\\read.js:137:5\n    at AsyncResource.runInAsyncScope (node:async_hooks:203:9)\n    at invokeCallback (D:\\Java Script\\FundoNotes\\node_modules\\raw-body\\index.js:231:16)\n    at done (D:\\Java Script\\FundoNotes\\node_modules\\raw-body\\index.js:220:7)\n    at IncomingMessage.onEnd (D:\\Java Script\\FundoNotes\\node_modules\\raw-body\\index.js:280:7)\n    at IncomingMessage.emit (node:events:513:28)\n    at IncomingMessage.emit (node:domain:489:12)\n    at endReadableNT (node:internal/streams/readable:1359:12)\n    at processTicksAndRejections (node:internal/process/task_queues:82:21)","trace":[{"column":35,"file":"D:\\Java Script\\FundoNotes\\src\\controllers\\/user.controller.js","function":"_callee6$","line":103,"method":null,"native":false},{"column":17,"file":"D:\\Java Script\\FundoNotes\\node_modules\\@babel\\runtime\\helpers\\regeneratorRuntime.js","function":"tryCatch","line":44,"method":null,"native":false},{"column":22,"file":"D:\\Java Script\\FundoNotes\\node_modules\\@babel\\runtime\\helpers\\regeneratorRuntime.js","function":null,"line":125,"method":null,"native":false},{"column":21,"file":"D:\\Java Script\\FundoNotes\\node_modules\\@babel\\runtime\\helpers\\regeneratorRuntime.js","function":"Generator.next","line":69,"method":"next","native":false},{"column":24,"file":"D:\\Java Script\\FundoNotes\\node_modules\\@babel\\runtime\\helpers\\asyncToGenerator.js","function":"asyncGeneratorStep","line":3,"method":null,"native":false},{"column":9,"file":"D:\\Java Script\\FundoNotes\\node_modules\\@babel\\runtime\\helpers\\asyncToGenerator.js","function":"_next","line":22,"method":null,"native":false},{"column":7,"file":"D:\\Java Script\\FundoNotes\\node_modules\\@babel\\runtime\\helpers\\asyncToGenerator.js","function":null,"line":27,"method":null,"native":false},{"column":null,"file":null,"function":"new Promise","line":null,"method":null,"native":false},{"column":12,"file":"D:\\Java Script\\FundoNotes\\node_modules\\@babel\\runtime\\helpers\\asyncToGenerator.js","function":null,"line":19,"method":null,"native":false},{"column":19,"file":"D:\\Java Script\\FundoNotes\\src\\controllers\\/user.controller.js","function":"login","line":102,"method":null,"native":false},{"column":5,"file":"D:\\Java Script\\FundoNotes\\node_modules\\express\\lib\\router\\layer.js","function":"Layer.handle [as handle_request]","line":95,"method":"handle [as handle_request]","native":false},{"column":13,"file":"D:\\Java Script\\FundoNotes\\node_modules\\express\\lib\\router\\route.js","function":"next","line":144,"method":null,"native":false},{"column":3,"file":"D:\\Java Script\\FundoNotes\\node_modules\\express\\lib\\router\\route.js","function":"Route.dispatch","line":114,"method":"dispatch","native":false},{"column":5,"file":"D:\\Java Script\\FundoNotes\\node_modules\\express\\lib\\router\\layer.js","function":"Layer.handle [as handle_request]","line":95,"method":"handle [as handle_request]","native":false},{"column":15,"file":"D:\\Java Script\\FundoNotes\\node_modules\\express\\lib\\router\\index.js","function":null,"line":284,"method":null,"native":false},{"column":12,"file":"D:\\Java Script\\FundoNotes\\node_modules\\express\\lib\\router\\index.js","function":"Function.process_params","line":346,"method":"process_params","native":false},{"column":10,"file":"D:\\Java Script\\FundoNotes\\node_modules\\express\\lib\\router\\index.js","function":"next","line":280,"method":null,"native":false},{"column":3,"file":"D:\\Java Script\\FundoNotes\\node_modules\\express\\lib\\router\\index.js","function":"Function.handle","line":175,"method":"handle","native":false},{"column":12,"file":"D:\\Java Script\\FundoNotes\\node_modules\\express\\lib\\router\\index.js","function":"router","line":47,"method":null,"native":false},{"column":5,"file":"D:\\Java Script\\FundoNotes\\node_modules\\express\\lib\\router\\layer.js","function":"Layer.handle [as handle_request]","line":95,"method":"handle [as handle_request]","native":false},{"column":13,"file":"D:\\Java Script\\FundoNotes\\node_modules\\express\\lib\\router\\index.js","function":"trim_prefix","line":328,"method":null,"native":false},{"column":9,"file":"D:\\Java Script\\FundoNotes\\node_modules\\express\\lib\\router\\index.js","function":null,"line":286,"method":null,"native":false},{"column":12,"file":"D:\\Java Script\\FundoNotes\\node_modules\\express\\lib\\router\\index.js","function":"Function.process_params","line":346,"method":"process_params","native":false},{"column":10,"file":"D:\\Java Script\\FundoNotes\\node_modules\\express\\lib\\router\\index.js","function":"next","line":280,"method":null,"native":false},{"column":3,"file":"D:\\Java Script\\FundoNotes\\node_modules\\express\\lib\\router\\index.js","function":"Function.handle","line":175,"method":"handle","native":false},{"column":12,"file":"D:\\Java Script\\FundoNotes\\node_modules\\express\\lib\\router\\index.js","function":"router","line":47,"method":null,"native":false},{"column":5,"file":"D:\\Java Script\\FundoNotes\\node_modules\\express\\lib\\router\\layer.js","function":"Layer.handle [as handle_request]","line":95,"method":"handle [as handle_request]","native":false},{"column":13,"file":"D:\\Java Script\\FundoNotes\\node_modules\\express\\lib\\router\\index.js","function":"trim_prefix","line":328,"method":null,"native":false},{"column":9,"file":"D:\\Java Script\\FundoNotes\\node_modules\\express\\lib\\router\\index.js","function":null,"line":286,"method":null,"native":false},{"column":12,"file":"D:\\Java Script\\FundoNotes\\node_modules\\express\\lib\\router\\index.js","function":"Function.process_params","line":346,"method":"process_params","native":false},{"column":10,"file":"D:\\Java Script\\FundoNotes\\node_modules\\express\\lib\\router\\index.js","function":"next","line":280,"method":null,"native":false},{"column":5,"file":"D:\\Java Script\\FundoNotes\\node_modules\\morgan\\index.js","function":"logger","line":144,"method":null,"native":false},{"column":5,"file":"D:\\Java Script\\FundoNotes\\node_modules\\express\\lib\\router\\layer.js","function":"Layer.handle [as handle_request]","line":95,"method":"handle [as handle_request]","native":false},{"column":13,"file":"D:\\Java Script\\FundoNotes\\node_modules\\express\\lib\\router\\index.js","function":"trim_prefix","line":328,"method":null,"native":false},{"column":9,"file":"D:\\Java Script\\FundoNotes\\node_modules\\express\\lib\\router\\index.js","function":null,"line":286,"method":null,"native":false},{"column":12,"file":"D:\\Java Script\\FundoNotes\\node_modules\\express\\lib\\router\\index.js","function":"Function.process_params","line":346,"method":"process_params","native":false},{"column":10,"file":"D:\\Java Script\\FundoNotes\\node_modules\\express\\lib\\router\\index.js","function":"next","line":280,"method":null,"native":false},{"column":5,"file":"D:\\Java Script\\FundoNotes\\node_modules\\body-parser\\lib\\read.js","function":null,"line":137,"method":null,"native":false},{"column":9,"file":"node:async_hooks","function":"AsyncResource.runInAsyncScope","line":203,"method":"runInAsyncScope","native":false},{"column":16,"file":"D:\\Java Script\\FundoNotes\\node_modules\\raw-body\\index.js","function":"invokeCallback","line":231,"method":null,"native":false},{"column":7,"file":"D:\\Java Script\\FundoNotes\\node_modules\\raw-body\\index.js","function":"done","line":220,"method":null,"native":false},{"column":7,"file":"D:\\Java Script\\FundoNotes\\node_modules\\raw-body\\index.js","function":"IncomingMessage.onEnd","line":280,"method":"onEnd","native":false},{"column":28,"file":"node:events","function":"IncomingMessage.emit","line":513,"method":"emit","native":false},{"column":12,"file":"node:domain","function":"IncomingMessage.emit","line":489,"method":"emit","native":false},{"column":12,"file":"node:internal/streams/readable","function":"endReadableNT","line":1359,"method":null,"native":false},{"column":21,"file":"node:internal/process/task_queues","function":"processTicksAndRejections","line":82,"method":null,"native":false}]}
info: ::1 - - [26/Jan/2023:20:59:20 +0000] "POST /api/v1/users/register HTTP/1.1" 201 320 "-" "PostmanRuntime/7.30.0"

info: ::1 - - [26/Jan/2023:20:59:46 +0000] "POST /api/v1/users/register HTTP/1.1" 201 323 "-" "PostmanRuntime/7.30.0"

info: ::1 - - [26/Jan/2023:21:00:57 +0000] "POST /api/v1/login/log HTTP/1.1" 200 303 "-" "PostmanRuntime/7.30.0"

info: ::1 - - [26/Jan/2023:21:00:59 +0000] "POST /api/v1/login/log HTTP/1.1" 200 303 "-" "PostmanRuntime/7.30.0"

info: ::1 - - [26/Jan/2023:21:01:16 +0000] "POST /api/v1/login/log HTTP/1.1" 422 13 "-" "PostmanRuntime/7.30.0"

info: ::1 - - [26/Jan/2023:21:01:30 +0000] "POST /api/v1/login/log HTTP/1.1" 200 303 "-" "PostmanRuntime/7.30.0"

info: ::1 - - [26/Jan/2023:21:10:21 +0000] "POST /api/v1/login/log HTTP/1.1" 404 47 "-" "PostmanRuntime/7.30.0"

info: ::1 - - [26/Jan/2023:21:10:25 +0000] "POST /api/v1/login/ HTTP/1.1" 404 47 "-" "PostmanRuntime/7.30.0"

info: ::1 - - [26/Jan/2023:21:10:33 +0000] "POST /api/v1//users/login/ HTTP/1.1" 500 61 "-" "PostmanRuntime/7.30.0"

info: ::1 - - [26/Jan/2023:21:11:26 +0000] "POST /api/v1//users/login/ HTTP/1.1" 500 89 "-" "PostmanRuntime/7.30.0"

info: ::1 - - [26/Jan/2023:21:13:33 +0000] "POST /api/v1//users/login/ HTTP/1.1" 200 303 "-" "PostmanRuntime/7.30.0"

info: ::1 - - [26/Jan/2023:21:14:03 +0000] "POST /api/v1//users/login/ HTTP/1.1" 500 61 "-" "PostmanRuntime/7.30.0"

info: ::1 - - [26/Jan/2023:21:14:23 +0000] "POST /api/v1//users/login/ HTTP/1.1" 200 303 "-" "PostmanRuntime/7.30.0"

info: ::1 - - [26/Jan/2023:21:29:56 +0000] "POST /api/v1//users/login/ HTTP/1.1" 200 303 "-" "PostmanRuntime/7.30.0"

info: ::1 - - [26/Jan/2023:21:29:59 +0000] "POST /api/v1//users/login/ HTTP/1.1" 422 16 "-" "PostmanRuntime/7.30.0"

info: ::1 - - [26/Jan/2023:21:31:05 +0000] "POST /api/v1//users/register/ HTTP/1.1" 500 61 "-" "PostmanRuntime/7.30.0"

info: ::1 - - [26/Jan/2023:21:32:05 +0000] "POST /api/v1//users/register/ HTTP/1.1" 201 328 "-" "PostmanRuntime/7.30.0"

info: ::1 - - [26/Jan/2023:21:35:18 +0000] "POST /api/v1//users/register/ HTTP/1.1" 500 61 "-" "PostmanRuntime/7.30.0"

info: ::1 - - [26/Jan/2023:21:36:15 +0000] "POST /api/v1//users/register/ HTTP/1.1" 500 61 "-" "PostmanRuntime/7.30.0"

info: ::1 - - [26/Jan/2023:21:38:12 +0000] "POST /api/v1//users/register/ HTTP/1.1" 500 61 "-" "PostmanRuntime/7.30.0"

info: ::1 - - [26/Jan/2023:21:38:15 +0000] "POST /api/v1//users/register/ HTTP/1.1" 500 61 "-" "PostmanRuntime/7.30.0"

info: ::1 - - [26/Jan/2023:21:45:32 +0000] "POST /api/v1//users/register/ HTTP/1.1" 500 61 "-" "PostmanRuntime/7.30.0"

info: ::1 - - [26/Jan/2023:21:45:34 +0000] "POST /api/v1//users/register/ HTTP/1.1" 500 61 "-" "PostmanRuntime/7.30.0"

info: ::1 - - [26/Jan/2023:21:47:03 +0000] "POST /api/v1//users/register/ HTTP/1.1" 422 13 "-" "PostmanRuntime/7.30.0"

info: ::1 - - [26/Jan/2023:21:47:20 +0000] "POST /api/v1//users/register/ HTTP/1.1" 201 335 "-" "PostmanRuntime/7.30.0"

info: ::1 - - [26/Jan/2023:21:47:22 +0000] "POST /api/v1//users/register/ HTTP/1.1" 422 13 "-" "PostmanRuntime/7.30.0"

info: ::1 - - [26/Jan/2023:21:49:14 +0000] "POST /api/v1//users/register/ HTTP/1.1" 422 22 "-" "PostmanRuntime/7.30.0"

info: ::1 - - [27/Jan/2023:12:10:51 +0000] "POST /api/v1//users/login HTTP/1.1" 500 53 "-" "PostmanRuntime/7.30.0"

info: ::1 - - [27/Jan/2023:12:12:12 +0000] "POST /api/v1//users/login HTTP/1.1" 500 53 "-" "PostmanRuntime/7.30.0"

info: ::1 - - [27/Jan/2023:12:12:14 +0000] "POST /api/v1//users/login HTTP/1.1" 500 53 "-" "PostmanRuntime/7.30.0"

info: ::1 - - [27/Jan/2023:12:12:33 +0000] "POST /api/v1//users/login HTTP/1.1" 500 53 "-" "PostmanRuntime/7.30.0"

info: ::1 - - [27/Jan/2023:12:12:34 +0000] "POST /api/v1//users/login HTTP/1.1" 500 53 "-" "PostmanRuntime/7.30.0"

info: ::1 - - [27/Jan/2023:12:14:12 +0000] "POST /api/v1//users/login HTTP/1.1" 500 68 "-" "PostmanRuntime/7.30.0"

info: ::1 - - [27/Jan/2023:12:15:06 +0000] "POST /api/v1//users/login HTTP/1.1" 500 68 "-" "PostmanRuntime/7.30.0"

info: ::1 - - [27/Jan/2023:12:15:07 +0000] "POST /api/v1//users/login HTTP/1.1" 500 68 "-" "PostmanRuntime/7.30.0"

info: ::1 - - [27/Jan/2023:12:15:24 +0000] "POST /api/v1//users/login HTTP/1.1" 500 68 "-" "PostmanRuntime/7.30.0"

info: ::1 - - [27/Jan/2023:12:15:26 +0000] "POST /api/v1//users/login HTTP/1.1" 500 68 "-" "PostmanRuntime/7.30.0"

info: ::1 - - [27/Jan/2023:12:16:49 +0000] "POST /api/v1//users/login HTTP/1.1" 202 332 "-" "PostmanRuntime/7.30.0"

info: ::1 - - [27/Jan/2023:12:17:21 +0000] "POST /api/v1//users/login HTTP/1.1" 202 332 "-" "PostmanRuntime/7.30.0"

info: ::1 - - [27/Jan/2023:12:39:11 +0000] "POST /api/v1//users/login HTTP/1.1" 202 332 "-" "PostmanRuntime/7.30.0"

info: ::1 - - [27/Jan/2023:12:40:06 +0000] "POST /api/v1//users/ HTTP/1.1" 422 22 "-" "PostmanRuntime/7.30.0"

info: ::1 - - [27/Jan/2023:12:40:17 +0000] "POST /api/v1//users/ HTTP/1.1" 201 328 "-" "PostmanRuntime/7.30.0"

